mode: atomic
github.com/lukaszraczylo/traefikoidc/autocleanup.go:15.87,18.6 3 295
github.com/lukaszraczylo/traefikoidc/autocleanup.go:18.6,19.10 1 304
github.com/lukaszraczylo/traefikoidc/autocleanup.go:20.19,21.13 1 9
github.com/lukaszraczylo/traefikoidc/autocleanup.go:22.15,23.10 1 31
github.com/lukaszraczylo/traefikoidc/cache.go:52.24,63.2 3 290
github.com/lukaszraczylo/traefikoidc/cache.go:71.78,79.39 5 3735
github.com/lukaszraczylo/traefikoidc/cache.go:79.39,84.35 2 170
github.com/lukaszraczylo/traefikoidc/cache.go:84.35,86.4 1 170
github.com/lukaszraczylo/traefikoidc/cache.go:87.3,87.9 1 170
github.com/lukaszraczylo/traefikoidc/cache.go:91.2,91.31 1 3565
github.com/lukaszraczylo/traefikoidc/cache.go:91.31,93.3 1 1390
github.com/lukaszraczylo/traefikoidc/cache.go:96.2,101.21 3 3565
github.com/lukaszraczylo/traefikoidc/cache.go:109.53,114.13 4 4678
github.com/lukaszraczylo/traefikoidc/cache.go:114.13,116.3 1 2082
github.com/lukaszraczylo/traefikoidc/cache.go:119.2,119.38 1 2596
github.com/lukaszraczylo/traefikoidc/cache.go:119.38,122.3 2 0
github.com/lukaszraczylo/traefikoidc/cache.go:125.2,125.34 1 2596
github.com/lukaszraczylo/traefikoidc/cache.go:125.34,127.3 1 2596
github.com/lukaszraczylo/traefikoidc/cache.go:129.2,129.25 1 2596
github.com/lukaszraczylo/traefikoidc/cache.go:135.36,140.2 3 101
github.com/lukaszraczylo/traefikoidc/cache.go:146.27,151.33 4 1
github.com/lukaszraczylo/traefikoidc/cache.go:151.33,153.32 1 2
github.com/lukaszraczylo/traefikoidc/cache.go:153.32,155.4 1 1
github.com/lukaszraczylo/traefikoidc/cache.go:164.31,169.18 3 1887
github.com/lukaszraczylo/traefikoidc/cache.go:169.18,171.49 2 175144
github.com/lukaszraczylo/traefikoidc/cache.go:171.49,172.33 1 175144
github.com/lukaszraczylo/traefikoidc/cache.go:172.33,175.5 2 0
github.com/lukaszraczylo/traefikoidc/cache.go:177.3,177.21 1 175144
github.com/lukaszraczylo/traefikoidc/cache.go:181.2,181.41 1 1887
github.com/lukaszraczylo/traefikoidc/cache.go:181.41,184.3 2 1887
github.com/lukaszraczylo/traefikoidc/cache.go:190.38,191.15 1 44
github.com/lukaszraczylo/traefikoidc/cache.go:191.15,193.3 1 0
github.com/lukaszraczylo/traefikoidc/cache.go:195.2,201.31 4 44
github.com/lukaszraczylo/traefikoidc/cache.go:201.31,203.3 1 497
github.com/lukaszraczylo/traefikoidc/cache.go:209.40,211.34 2 1989
github.com/lukaszraczylo/traefikoidc/cache.go:211.34,214.3 2 1989
github.com/lukaszraczylo/traefikoidc/cache.go:220.36,222.2 1 290
github.com/lukaszraczylo/traefikoidc/cache.go:226.25,228.2 1 29
github.com/lukaszraczylo/traefikoidc/error_recovery.go:57.57,63.2 1 5
github.com/lukaszraczylo/traefikoidc/error_recovery.go:66.85,74.2 1 4
github.com/lukaszraczylo/traefikoidc/error_recovery.go:77.58,81.24 2 7
github.com/lukaszraczylo/traefikoidc/error_recovery.go:81.24,83.3 1 1
github.com/lukaszraczylo/traefikoidc/error_recovery.go:86.2,88.16 2 6
github.com/lukaszraczylo/traefikoidc/error_recovery.go:88.16,92.3 3 3
github.com/lukaszraczylo/traefikoidc/error_recovery.go:94.2,96.12 3 3
github.com/lukaszraczylo/traefikoidc/error_recovery.go:100.47,106.18 4 7
github.com/lukaszraczylo/traefikoidc/error_recovery.go:107.28,108.14 1 5
github.com/lukaszraczylo/traefikoidc/error_recovery.go:110.26,112.47 1 2
github.com/lukaszraczylo/traefikoidc/error_recovery.go:112.47,116.4 3 1
github.com/lukaszraczylo/traefikoidc/error_recovery.go:117.3,117.15 1 1
github.com/lukaszraczylo/traefikoidc/error_recovery.go:119.30,121.14 1 0
github.com/lukaszraczylo/traefikoidc/error_recovery.go:123.10,124.15 1 0
github.com/lukaszraczylo/traefikoidc/error_recovery.go:129.43,136.18 5 3
github.com/lukaszraczylo/traefikoidc/error_recovery.go:137.28,138.43 1 3
github.com/lukaszraczylo/traefikoidc/error_recovery.go:138.43,141.4 2 1
github.com/lukaszraczylo/traefikoidc/error_recovery.go:143.30,146.88 2 0
github.com/lukaszraczylo/traefikoidc/error_recovery.go:151.43,157.18 4 3
github.com/lukaszraczylo/traefikoidc/error_recovery.go:158.30,162.88 3 1
github.com/lukaszraczylo/traefikoidc/error_recovery.go:164.28,166.18 1 2
github.com/lukaszraczylo/traefikoidc/error_recovery.go:171.58,175.2 3 3
github.com/lukaszraczylo/traefikoidc/error_recovery.go:178.63,191.2 3 4
github.com/lukaszraczylo/traefikoidc/error_recovery.go:204.39,218.2 1 4
github.com/lukaszraczylo/traefikoidc/error_recovery.go:227.74,232.2 1 3
github.com/lukaszraczylo/traefikoidc/error_recovery.go:235.78,238.64 2 6
github.com/lukaszraczylo/traefikoidc/error_recovery.go:238.64,241.17 2 10
github.com/lukaszraczylo/traefikoidc/error_recovery.go:241.17,242.19 1 3
github.com/lukaszraczylo/traefikoidc/error_recovery.go:242.19,244.5 1 2
github.com/lukaszraczylo/traefikoidc/error_recovery.go:245.4,245.14 1 3
github.com/lukaszraczylo/traefikoidc/error_recovery.go:248.3,251.32 2 7
github.com/lukaszraczylo/traefikoidc/error_recovery.go:251.32,254.4 2 1
github.com/lukaszraczylo/traefikoidc/error_recovery.go:257.3,257.39 1 6
github.com/lukaszraczylo/traefikoidc/error_recovery.go:257.39,258.9 1 1
github.com/lukaszraczylo/traefikoidc/error_recovery.go:262.3,267.10 3 5
github.com/lukaszraczylo/traefikoidc/error_recovery.go:268.21,269.20 1 1
github.com/lukaszraczylo/traefikoidc/error_recovery.go:270.28,270.28 0 4
github.com/lukaszraczylo/traefikoidc/error_recovery.go:275.2,275.93 1 1
github.com/lukaszraczylo/traefikoidc/error_recovery.go:279.59,280.16 1 14
github.com/lukaszraczylo/traefikoidc/error_recovery.go:280.16,282.3 1 0
github.com/lukaszraczylo/traefikoidc/error_recovery.go:284.2,287.57 2 14
github.com/lukaszraczylo/traefikoidc/error_recovery.go:287.57,288.37 1 39
github.com/lukaszraczylo/traefikoidc/error_recovery.go:288.37,290.4 1 8
github.com/lukaszraczylo/traefikoidc/error_recovery.go:294.2,294.39 1 6
github.com/lukaszraczylo/traefikoidc/error_recovery.go:294.39,296.23 1 2
github.com/lukaszraczylo/traefikoidc/error_recovery.go:296.23,298.4 1 1
github.com/lukaszraczylo/traefikoidc/error_recovery.go:300.3,310.45 3 1
github.com/lukaszraczylo/traefikoidc/error_recovery.go:310.45,311.33 1 7
github.com/lukaszraczylo/traefikoidc/error_recovery.go:311.33,313.5 1 0
github.com/lukaszraczylo/traefikoidc/error_recovery.go:318.2,318.41 1 5
github.com/lukaszraczylo/traefikoidc/error_recovery.go:318.41,320.3 1 3
github.com/lukaszraczylo/traefikoidc/error_recovery.go:322.2,322.14 1 2
github.com/lukaszraczylo/traefikoidc/error_recovery.go:326.68,331.41 2 5
github.com/lukaszraczylo/traefikoidc/error_recovery.go:331.41,333.3 1 0
github.com/lukaszraczylo/traefikoidc/error_recovery.go:336.2,336.28 1 5
github.com/lukaszraczylo/traefikoidc/error_recovery.go:336.28,339.3 2 5
github.com/lukaszraczylo/traefikoidc/error_recovery.go:341.2,341.29 1 5
github.com/lukaszraczylo/traefikoidc/error_recovery.go:351.36,353.2 1 4
github.com/lukaszraczylo/traefikoidc/error_recovery.go:381.67,387.2 1 3
github.com/lukaszraczylo/traefikoidc/error_recovery.go:390.100,403.2 3 2
github.com/lukaszraczylo/traefikoidc/error_recovery.go:406.107,410.2 3 2
github.com/lukaszraczylo/traefikoidc/error_recovery.go:413.97,417.2 3 1
github.com/lukaszraczylo/traefikoidc/error_recovery.go:420.130,422.39 1 2
github.com/lukaszraczylo/traefikoidc/error_recovery.go:422.39,424.3 1 0
github.com/lukaszraczylo/traefikoidc/error_recovery.go:427.2,428.16 2 2
github.com/lukaszraczylo/traefikoidc/error_recovery.go:428.16,433.32 2 2
github.com/lukaszraczylo/traefikoidc/error_recovery.go:433.32,435.4 1 2
github.com/lukaszraczylo/traefikoidc/error_recovery.go:437.3,437.18 1 0
github.com/lukaszraczylo/traefikoidc/error_recovery.go:440.2,440.20 1 0
github.com/lukaszraczylo/traefikoidc/error_recovery.go:444.75,449.13 4 5
github.com/lukaszraczylo/traefikoidc/error_recovery.go:449.13,451.3 1 3
github.com/lukaszraczylo/traefikoidc/error_recovery.go:454.2,454.58 1 2
github.com/lukaszraczylo/traefikoidc/error_recovery.go:454.58,457.3 2 1
github.com/lukaszraczylo/traefikoidc/error_recovery.go:459.2,459.13 1 1
github.com/lukaszraczylo/traefikoidc/error_recovery.go:463.72,467.60 3 2
github.com/lukaszraczylo/traefikoidc/error_recovery.go:467.60,469.3 1 2
github.com/lukaszraczylo/traefikoidc/error_recovery.go:471.2,471.47 1 2
github.com/lukaszraczylo/traefikoidc/error_recovery.go:475.89,480.13 4 2
github.com/lukaszraczylo/traefikoidc/error_recovery.go:480.13,482.3 1 1
github.com/lukaszraczylo/traefikoidc/error_recovery.go:484.2,485.19 2 1
github.com/lukaszraczylo/traefikoidc/error_recovery.go:489.58,493.21 3 2
github.com/lukaszraczylo/traefikoidc/error_recovery.go:493.21,495.3 1 249
github.com/lukaszraczylo/traefikoidc/error_recovery.go:499.54,502.43 3 249
github.com/lukaszraczylo/traefikoidc/error_recovery.go:502.43,504.3 1 249
github.com/lukaszraczylo/traefikoidc/error_recovery.go:505.2,507.53 2 249
github.com/lukaszraczylo/traefikoidc/error_recovery.go:507.53,508.20 1 249
github.com/lukaszraczylo/traefikoidc/error_recovery.go:508.20,511.71 2 249
github.com/lukaszraczylo/traefikoidc/error_recovery.go:511.71,514.5 2 0
github.com/lukaszraczylo/traefikoidc/error_recovery.go:515.4,515.21 1 249
github.com/lukaszraczylo/traefikoidc/error_recovery.go:516.9,519.4 1 0
github.com/lukaszraczylo/traefikoidc/error_recovery.go:524.63,529.47 4 2
github.com/lukaszraczylo/traefikoidc/error_recovery.go:529.47,531.3 1 2
github.com/lukaszraczylo/traefikoidc/error_recovery.go:533.2,533.17 1 2
github.com/lukaszraczylo/traefikoidc/error_recovery.go:546.68,553.2 1 1
github.com/lukaszraczylo/traefikoidc/error_recovery.go:556.88,560.60 3 4
github.com/lukaszraczylo/traefikoidc/error_recovery.go:560.60,562.3 1 1
github.com/lukaszraczylo/traefikoidc/error_recovery.go:564.2,566.11 3 3
github.com/lukaszraczylo/traefikoidc/error_recovery.go:570.118,573.53 2 1
github.com/lukaszraczylo/traefikoidc/error_recovery.go:573.53,575.3 1 2
github.com/lukaszraczylo/traefikoidc/error_recovery.go:579.78,587.44 5 1
github.com/lukaszraczylo/traefikoidc/error_recovery.go:587.44,589.3 1 3
github.com/lukaszraczylo/traefikoidc/error_recovery.go:590.2,595.16 3 1
github.com/lukaszraczylo/traefikoidc/error_recovery.go:599.38,606.2 1 50
github.com/lukaszraczylo/traefikoidc/error_recovery.go:608.47,609.43 1 28
github.com/lukaszraczylo/traefikoidc/error_recovery.go:609.43,610.35 1 237
github.com/lukaszraczylo/traefikoidc/error_recovery.go:610.35,612.4 1 2
github.com/lukaszraczylo/traefikoidc/error_recovery.go:614.2,614.14 1 26
github.com/lukaszraczylo/traefikoidc/helpers.go:26.38,29.16 3 11
github.com/lukaszraczylo/traefikoidc/helpers.go:29.16,31.3 1 0
github.com/lukaszraczylo/traefikoidc/helpers.go:32.2,32.59 1 11
github.com/lukaszraczylo/traefikoidc/helpers.go:42.45,46.16 3 0
github.com/lukaszraczylo/traefikoidc/helpers.go:46.16,48.3 1 0
github.com/lukaszraczylo/traefikoidc/helpers.go:49.2,49.65 1 0
github.com/lukaszraczylo/traefikoidc/helpers.go:61.54,69.2 4 0
github.com/lukaszraczylo/traefikoidc/helpers.go:107.162,114.39 2 5
github.com/lukaszraczylo/traefikoidc/helpers.go:114.39,119.25 3 5
github.com/lukaszraczylo/traefikoidc/helpers.go:119.25,121.4 1 3
github.com/lukaszraczylo/traefikoidc/helpers.go:122.8,122.41 1 0
github.com/lukaszraczylo/traefikoidc/helpers.go:122.41,124.3 1 0
github.com/lukaszraczylo/traefikoidc/helpers.go:127.2,128.19 2 5
github.com/lukaszraczylo/traefikoidc/helpers.go:128.19,135.70 2 5
github.com/lukaszraczylo/traefikoidc/helpers.go:135.70,137.23 1 53
github.com/lukaszraczylo/traefikoidc/helpers.go:137.23,139.6 1 1
github.com/lukaszraczylo/traefikoidc/helpers.go:140.5,140.15 1 52
github.com/lukaszraczylo/traefikoidc/helpers.go:146.2,147.16 2 5
github.com/lukaszraczylo/traefikoidc/helpers.go:147.16,149.3 1 0
github.com/lukaszraczylo/traefikoidc/helpers.go:150.2,153.16 3 5
github.com/lukaszraczylo/traefikoidc/helpers.go:153.16,155.3 1 1
github.com/lukaszraczylo/traefikoidc/helpers.go:156.2,158.38 2 4
github.com/lukaszraczylo/traefikoidc/helpers.go:158.38,161.3 2 0
github.com/lukaszraczylo/traefikoidc/helpers.go:163.2,164.74 2 4
github.com/lukaszraczylo/traefikoidc/helpers.go:164.74,166.3 1 0
github.com/lukaszraczylo/traefikoidc/helpers.go:168.2,168.28 1 4
github.com/lukaszraczylo/traefikoidc/helpers.go:181.96,184.16 3 0
github.com/lukaszraczylo/traefikoidc/helpers.go:184.16,186.3 1 0
github.com/lukaszraczylo/traefikoidc/helpers.go:188.2,189.27 2 0
github.com/lukaszraczylo/traefikoidc/helpers.go:203.72,205.21 2 46
github.com/lukaszraczylo/traefikoidc/helpers.go:205.21,207.3 1 0
github.com/lukaszraczylo/traefikoidc/helpers.go:209.2,210.16 2 46
github.com/lukaszraczylo/traefikoidc/helpers.go:210.16,212.3 1 0
github.com/lukaszraczylo/traefikoidc/helpers.go:214.2,215.57 2 46
github.com/lukaszraczylo/traefikoidc/helpers.go:215.57,217.3 1 0
github.com/lukaszraczylo/traefikoidc/helpers.go:219.2,219.20 1 46
github.com/lukaszraczylo/traefikoidc/helpers.go:232.34,236.2 1 121
github.com/lukaszraczylo/traefikoidc/helpers.go:246.98,249.2 2 744
github.com/lukaszraczylo/traefikoidc/helpers.go:260.72,263.12 3 1825
github.com/lukaszraczylo/traefikoidc/helpers.go:263.12,265.3 1 258
github.com/lukaszraczylo/traefikoidc/helpers.go:266.2,267.19 2 1567
github.com/lukaszraczylo/traefikoidc/helpers.go:275.44,278.2 2 1
github.com/lukaszraczylo/traefikoidc/helpers.go:282.33,284.2 1 0
github.com/lukaszraczylo/traefikoidc/helpers.go:287.31,289.2 1 14
github.com/lukaszraczylo/traefikoidc/helpers.go:303.122,308.40 3 3
github.com/lukaszraczylo/traefikoidc/helpers.go:308.40,310.3 1 1
github.com/lukaszraczylo/traefikoidc/helpers.go:312.2,313.16 2 3
github.com/lukaszraczylo/traefikoidc/helpers.go:313.16,315.3 1 0
github.com/lukaszraczylo/traefikoidc/helpers.go:316.2,316.27 1 3
github.com/lukaszraczylo/traefikoidc/helpers.go:328.57,330.27 2 9
github.com/lukaszraczylo/traefikoidc/helpers.go:330.27,332.3 1 0
github.com/lukaszraczylo/traefikoidc/helpers.go:333.2,333.15 1 9
github.com/lukaszraczylo/traefikoidc/helpers.go:347.79,349.16 2 5
github.com/lukaszraczylo/traefikoidc/helpers.go:349.16,353.3 3 0
github.com/lukaszraczylo/traefikoidc/helpers.go:355.2,357.47 2 5
github.com/lukaszraczylo/traefikoidc/helpers.go:357.47,361.3 3 0
github.com/lukaszraczylo/traefikoidc/helpers.go:363.2,368.33 5 5
github.com/lukaszraczylo/traefikoidc/helpers.go:368.33,370.3 1 5
github.com/lukaszraczylo/traefikoidc/helpers.go:370.8,370.62 1 0
github.com/lukaszraczylo/traefikoidc/helpers.go:370.62,372.3 1 0
github.com/lukaszraczylo/traefikoidc/helpers.go:374.2,374.48 1 5
github.com/lukaszraczylo/traefikoidc/helpers.go:374.48,376.17 2 2
github.com/lukaszraczylo/traefikoidc/helpers.go:376.17,380.4 3 1
github.com/lukaszraczylo/traefikoidc/helpers.go:381.3,382.9 2 1
github.com/lukaszraczylo/traefikoidc/helpers.go:385.2,385.65 1 3
github.com/lukaszraczylo/traefikoidc/helpers.go:400.91,402.16 2 5
github.com/lukaszraczylo/traefikoidc/helpers.go:402.16,404.3 1 2
github.com/lukaszraczylo/traefikoidc/helpers.go:406.2,408.33 3 3
github.com/lukaszraczylo/traefikoidc/helpers.go:408.33,410.3 1 3
github.com/lukaszraczylo/traefikoidc/helpers.go:411.2,413.24 2 3
github.com/lukaszraczylo/traefikoidc/input_validation.go:57.59,67.2 1 6
github.com/lukaszraczylo/traefikoidc/input_validation.go:70.95,73.16 2 5
github.com/lukaszraczylo/traefikoidc/input_validation.go:73.16,75.3 1 0
github.com/lukaszraczylo/traefikoidc/input_validation.go:77.2,78.16 2 5
github.com/lukaszraczylo/traefikoidc/input_validation.go:78.16,80.3 1 0
github.com/lukaszraczylo/traefikoidc/input_validation.go:82.2,83.16 2 5
github.com/lukaszraczylo/traefikoidc/input_validation.go:83.16,85.3 1 0
github.com/lukaszraczylo/traefikoidc/input_validation.go:87.2,88.16 2 5
github.com/lukaszraczylo/traefikoidc/input_validation.go:88.16,90.3 1 0
github.com/lukaszraczylo/traefikoidc/input_validation.go:92.2,118.8 1 5
github.com/lukaszraczylo/traefikoidc/input_validation.go:122.72,126.17 2 6
github.com/lukaszraczylo/traefikoidc/input_validation.go:126.17,130.3 3 2
github.com/lukaszraczylo/traefikoidc/input_validation.go:133.2,133.36 1 4
github.com/lukaszraczylo/traefikoidc/input_validation.go:133.36,137.3 3 0
github.com/lukaszraczylo/traefikoidc/input_validation.go:140.2,140.21 1 4
github.com/lukaszraczylo/traefikoidc/input_validation.go:140.21,144.3 3 2
github.com/lukaszraczylo/traefikoidc/input_validation.go:147.2,148.21 2 2
github.com/lukaszraczylo/traefikoidc/input_validation.go:148.21,152.3 3 1
github.com/lukaszraczylo/traefikoidc/input_validation.go:155.2,155.29 1 1
github.com/lukaszraczylo/traefikoidc/input_validation.go:155.29,156.33 1 3
github.com/lukaszraczylo/traefikoidc/input_validation.go:156.33,160.4 3 0
github.com/lukaszraczylo/traefikoidc/input_validation.go:164.2,164.54 1 1
github.com/lukaszraczylo/traefikoidc/input_validation.go:164.54,167.3 2 0
github.com/lukaszraczylo/traefikoidc/input_validation.go:170.2,170.33 1 1
github.com/lukaszraczylo/traefikoidc/input_validation.go:170.33,174.3 3 0
github.com/lukaszraczylo/traefikoidc/input_validation.go:176.2,176.41 1 1
github.com/lukaszraczylo/traefikoidc/input_validation.go:176.41,180.3 3 0
github.com/lukaszraczylo/traefikoidc/input_validation.go:183.2,183.30 1 1
github.com/lukaszraczylo/traefikoidc/input_validation.go:183.30,187.3 3 0
github.com/lukaszraczylo/traefikoidc/input_validation.go:189.2,190.15 2 1
github.com/lukaszraczylo/traefikoidc/input_validation.go:194.72,198.17 2 13
github.com/lukaszraczylo/traefikoidc/input_validation.go:198.17,202.3 3 2
github.com/lukaszraczylo/traefikoidc/input_validation.go:205.2,205.36 1 11
github.com/lukaszraczylo/traefikoidc/input_validation.go:205.36,209.3 3 1
github.com/lukaszraczylo/traefikoidc/input_validation.go:212.2,215.43 2 10
github.com/lukaszraczylo/traefikoidc/input_validation.go:215.43,219.3 3 5
github.com/lukaszraczylo/traefikoidc/input_validation.go:222.2,222.58 1 5
github.com/lukaszraczylo/traefikoidc/input_validation.go:222.58,225.3 2 0
github.com/lukaszraczylo/traefikoidc/input_validation.go:228.2,229.21 2 5
github.com/lukaszraczylo/traefikoidc/input_validation.go:229.21,233.3 3 0
github.com/lukaszraczylo/traefikoidc/input_validation.go:235.2,238.48 2 5
github.com/lukaszraczylo/traefikoidc/input_validation.go:238.48,242.3 3 0
github.com/lukaszraczylo/traefikoidc/input_validation.go:245.2,245.43 1 5
github.com/lukaszraczylo/traefikoidc/input_validation.go:245.43,249.3 3 0
github.com/lukaszraczylo/traefikoidc/input_validation.go:252.2,252.39 1 5
github.com/lukaszraczylo/traefikoidc/input_validation.go:252.39,256.3 3 1
github.com/lukaszraczylo/traefikoidc/input_validation.go:258.2,259.15 2 4
github.com/lukaszraczylo/traefikoidc/input_validation.go:263.71,267.18 2 8
github.com/lukaszraczylo/traefikoidc/input_validation.go:267.18,271.3 3 2
github.com/lukaszraczylo/traefikoidc/input_validation.go:274.2,274.35 1 6
github.com/lukaszraczylo/traefikoidc/input_validation.go:274.35,278.3 3 0
github.com/lukaszraczylo/traefikoidc/input_validation.go:281.2,285.16 3 6
github.com/lukaszraczylo/traefikoidc/input_validation.go:285.16,289.3 3 0
github.com/lukaszraczylo/traefikoidc/input_validation.go:292.2,292.63 1 6
github.com/lukaszraczylo/traefikoidc/input_validation.go:292.63,296.3 3 2
github.com/lukaszraczylo/traefikoidc/input_validation.go:299.2,299.32 1 4
github.com/lukaszraczylo/traefikoidc/input_validation.go:299.32,301.3 1 0
github.com/lukaszraczylo/traefikoidc/input_validation.go:304.2,304.26 1 4
github.com/lukaszraczylo/traefikoidc/input_validation.go:304.26,308.3 3 1
github.com/lukaszraczylo/traefikoidc/input_validation.go:311.2,311.58 1 3
github.com/lukaszraczylo/traefikoidc/input_validation.go:311.58,314.3 2 0
github.com/lukaszraczylo/traefikoidc/input_validation.go:317.2,317.41 1 3
github.com/lukaszraczylo/traefikoidc/input_validation.go:317.41,321.3 3 0
github.com/lukaszraczylo/traefikoidc/input_validation.go:323.2,324.15 2 3
github.com/lukaszraczylo/traefikoidc/input_validation.go:328.78,332.20 2 10
github.com/lukaszraczylo/traefikoidc/input_validation.go:332.20,336.3 3 2
github.com/lukaszraczylo/traefikoidc/input_validation.go:339.2,339.42 1 8
github.com/lukaszraczylo/traefikoidc/input_validation.go:339.42,343.3 3 2
github.com/lukaszraczylo/traefikoidc/input_validation.go:346.2,346.23 1 6
github.com/lukaszraczylo/traefikoidc/input_validation.go:346.23,350.3 3 1
github.com/lukaszraczylo/traefikoidc/input_validation.go:353.2,356.46 2 5
github.com/lukaszraczylo/traefikoidc/input_validation.go:356.46,360.3 3 2
github.com/lukaszraczylo/traefikoidc/input_validation.go:363.2,363.58 1 3
github.com/lukaszraczylo/traefikoidc/input_validation.go:363.58,366.3 2 0
github.com/lukaszraczylo/traefikoidc/input_validation.go:368.2,369.15 2 3
github.com/lukaszraczylo/traefikoidc/input_validation.go:373.88,377.21 2 5
github.com/lukaszraczylo/traefikoidc/input_validation.go:377.21,381.3 3 1
github.com/lukaszraczylo/traefikoidc/input_validation.go:384.2,384.41 1 4
github.com/lukaszraczylo/traefikoidc/input_validation.go:384.41,388.3 3 1
github.com/lukaszraczylo/traefikoidc/input_validation.go:391.2,391.38 1 3
github.com/lukaszraczylo/traefikoidc/input_validation.go:391.38,395.3 3 0
github.com/lukaszraczylo/traefikoidc/input_validation.go:397.2,397.46 1 3
github.com/lukaszraczylo/traefikoidc/input_validation.go:397.46,399.3 1 0
github.com/lukaszraczylo/traefikoidc/input_validation.go:402.2,402.35 1 3
github.com/lukaszraczylo/traefikoidc/input_validation.go:402.35,406.3 3 0
github.com/lukaszraczylo/traefikoidc/input_validation.go:409.2,409.59 1 3
github.com/lukaszraczylo/traefikoidc/input_validation.go:409.59,412.3 2 0
github.com/lukaszraczylo/traefikoidc/input_validation.go:415.2,415.19 1 3
github.com/lukaszraczylo/traefikoidc/input_validation.go:416.15,418.27 2 1
github.com/lukaszraczylo/traefikoidc/input_validation.go:418.27,421.4 2 0
github.com/lukaszraczylo/traefikoidc/input_validation.go:422.3,423.53 2 1
github.com/lukaszraczylo/traefikoidc/input_validation.go:425.20,427.25 2 0
github.com/lukaszraczylo/traefikoidc/input_validation.go:427.25,430.4 1 0
github.com/lukaszraczylo/traefikoidc/input_validation.go:431.3,431.37 1 0
github.com/lukaszraczylo/traefikoidc/input_validation.go:433.40,435.30 2 0
github.com/lukaszraczylo/traefikoidc/input_validation.go:435.30,438.4 2 0
github.com/lukaszraczylo/traefikoidc/input_validation.go:439.3,440.56 2 0
github.com/lukaszraczylo/traefikoidc/input_validation.go:442.10,444.56 1 2
github.com/lukaszraczylo/traefikoidc/input_validation.go:447.2,447.15 1 3
github.com/lukaszraczylo/traefikoidc/input_validation.go:451.91,455.22 2 6
github.com/lukaszraczylo/traefikoidc/input_validation.go:455.22,459.3 3 1
github.com/lukaszraczylo/traefikoidc/input_validation.go:462.2,462.46 1 5
github.com/lukaszraczylo/traefikoidc/input_validation.go:462.46,466.3 3 0
github.com/lukaszraczylo/traefikoidc/input_validation.go:469.2,469.78 1 5
github.com/lukaszraczylo/traefikoidc/input_validation.go:469.78,473.3 3 1
github.com/lukaszraczylo/traefikoidc/input_validation.go:476.2,476.43 1 4
github.com/lukaszraczylo/traefikoidc/input_validation.go:476.43,480.3 3 0
github.com/lukaszraczylo/traefikoidc/input_validation.go:483.2,483.39 1 4
github.com/lukaszraczylo/traefikoidc/input_validation.go:483.39,487.3 3 0
github.com/lukaszraczylo/traefikoidc/input_validation.go:490.2,490.80 1 4
github.com/lukaszraczylo/traefikoidc/input_validation.go:490.80,494.3 3 1
github.com/lukaszraczylo/traefikoidc/input_validation.go:497.2,497.36 1 3
github.com/lukaszraczylo/traefikoidc/input_validation.go:497.36,501.3 3 0
github.com/lukaszraczylo/traefikoidc/input_validation.go:504.2,504.60 1 3
github.com/lukaszraczylo/traefikoidc/input_validation.go:504.60,507.3 2 0
github.com/lukaszraczylo/traefikoidc/input_validation.go:509.2,510.15 2 3
github.com/lukaszraczylo/traefikoidc/input_validation.go:514.59,516.22 1 5
github.com/lukaszraczylo/traefikoidc/input_validation.go:516.22,518.52 1 332
github.com/lukaszraczylo/traefikoidc/input_validation.go:518.52,520.4 1 1
github.com/lukaszraczylo/traefikoidc/input_validation.go:522.2,522.13 1 4
github.com/lukaszraczylo/traefikoidc/input_validation.go:526.60,528.2 1 29
github.com/lukaszraczylo/traefikoidc/input_validation.go:531.68,532.22 1 11
github.com/lukaszraczylo/traefikoidc/input_validation.go:532.22,533.66 1 384
github.com/lukaszraczylo/traefikoidc/input_validation.go:533.66,535.4 1 1
github.com/lukaszraczylo/traefikoidc/input_validation.go:537.2,537.14 1 10
github.com/lukaszraczylo/traefikoidc/input_validation.go:541.64,543.51 2 24
github.com/lukaszraczylo/traefikoidc/input_validation.go:543.51,544.40 1 162
github.com/lukaszraczylo/traefikoidc/input_validation.go:544.40,546.4 1 1
github.com/lukaszraczylo/traefikoidc/input_validation.go:548.2,548.14 1 23
github.com/lukaszraczylo/traefikoidc/input_validation.go:552.67,556.50 2 22
github.com/lukaszraczylo/traefikoidc/input_validation.go:556.50,557.44 1 364
github.com/lukaszraczylo/traefikoidc/input_validation.go:557.44,559.4 1 3
github.com/lukaszraczylo/traefikoidc/input_validation.go:563.2,563.41 1 19
github.com/lukaszraczylo/traefikoidc/input_validation.go:563.41,564.44 1 247
github.com/lukaszraczylo/traefikoidc/input_validation.go:564.44,566.4 1 0
github.com/lukaszraczylo/traefikoidc/input_validation.go:570.2,570.37 1 19
github.com/lukaszraczylo/traefikoidc/input_validation.go:570.37,572.3 1 0
github.com/lukaszraczylo/traefikoidc/input_validation.go:575.2,575.24 1 19
github.com/lukaszraczylo/traefikoidc/input_validation.go:575.24,577.3 1 0
github.com/lukaszraczylo/traefikoidc/input_validation.go:580.2,580.33 1 19
github.com/lukaszraczylo/traefikoidc/input_validation.go:580.33,582.3 1 0
github.com/lukaszraczylo/traefikoidc/input_validation.go:585.2,586.26 2 19
github.com/lukaszraczylo/traefikoidc/input_validation.go:586.26,587.49 1 583
github.com/lukaszraczylo/traefikoidc/input_validation.go:587.49,589.4 1 0
github.com/lukaszraczylo/traefikoidc/input_validation.go:591.2,591.39 1 19
github.com/lukaszraczylo/traefikoidc/input_validation.go:591.39,593.3 1 0
github.com/lukaszraczylo/traefikoidc/input_validation.go:595.2,595.11 1 19
github.com/lukaszraczylo/traefikoidc/input_validation.go:599.77,604.32 2 3
github.com/lukaszraczylo/traefikoidc/input_validation.go:604.32,606.3 1 1
github.com/lukaszraczylo/traefikoidc/input_validation.go:609.2,613.30 3 3
github.com/lukaszraczylo/traefikoidc/input_validation.go:613.30,614.67 1 38
github.com/lukaszraczylo/traefikoidc/input_validation.go:614.67,616.4 1 36
github.com/lukaszraczylo/traefikoidc/input_validation.go:619.2,619.24 1 3
github.com/lukaszraczylo/traefikoidc/input_validation.go:623.102,628.27 3 6
github.com/lukaszraczylo/traefikoidc/input_validation.go:629.11,630.22 1 2
github.com/lukaszraczylo/traefikoidc/input_validation.go:631.13,632.22 1 0
github.com/lukaszraczylo/traefikoidc/input_validation.go:633.13,634.15 1 2
github.com/lukaszraczylo/traefikoidc/input_validation.go:635.15,637.29 2 1
github.com/lukaszraczylo/traefikoidc/input_validation.go:637.29,639.4 1 1
github.com/lukaszraczylo/traefikoidc/input_validation.go:640.10,643.16 3 1
github.com/lukaszraczylo/traefikoidc/input_validation.go:646.2,646.20 1 5
github.com/lukaszraczylo/traefikoidc/input_validation.go:646.20,649.3 2 1
github.com/lukaszraczylo/traefikoidc/input_validation.go:651.2,651.20 1 5
github.com/lukaszraczylo/traefikoidc/input_validation.go:651.20,654.3 2 1
github.com/lukaszraczylo/traefikoidc/input_validation.go:656.2,656.15 1 5
github.com/lukaszraczylo/traefikoidc/jwk.go:66.30,73.2 2 1
github.com/lukaszraczylo/traefikoidc/jwk.go:75.107,77.28 1 0
github.com/lukaszraczylo/traefikoidc/jwk.go:77.28,78.63 1 0
github.com/lukaszraczylo/traefikoidc/jwk.go:78.63,80.4 1 0
github.com/lukaszraczylo/traefikoidc/jwk.go:85.2,86.53 2 0
github.com/lukaszraczylo/traefikoidc/jwk.go:86.53,90.3 3 0
github.com/lukaszraczylo/traefikoidc/jwk.go:91.2,98.53 4 0
github.com/lukaszraczylo/traefikoidc/jwk.go:98.53,100.3 1 0
github.com/lukaszraczylo/traefikoidc/jwk.go:103.2,104.16 2 0
github.com/lukaszraczylo/traefikoidc/jwk.go:104.16,106.3 1 0
github.com/lukaszraczylo/traefikoidc/jwk.go:109.2,109.25 1 0
github.com/lukaszraczylo/traefikoidc/jwk.go:109.25,111.3 1 0
github.com/lukaszraczylo/traefikoidc/jwk.go:114.2,116.19 3 0
github.com/lukaszraczylo/traefikoidc/jwk.go:116.19,118.3 1 0
github.com/lukaszraczylo/traefikoidc/jwk.go:119.2,122.28 2 0
github.com/lukaszraczylo/traefikoidc/jwk.go:122.28,124.3 1 0
github.com/lukaszraczylo/traefikoidc/jwk.go:126.2,126.18 1 0
github.com/lukaszraczylo/traefikoidc/jwk.go:131.30,136.45 4 0
github.com/lukaszraczylo/traefikoidc/jwk.go:136.45,138.3 1 0
github.com/lukaszraczylo/traefikoidc/jwk.go:142.28,144.28 1 0
github.com/lukaszraczylo/traefikoidc/jwk.go:144.28,146.3 1 0
github.com/lukaszraczylo/traefikoidc/jwk.go:150.41,152.28 2 1
github.com/lukaszraczylo/traefikoidc/jwk.go:152.28,154.3 1 1
github.com/lukaszraczylo/traefikoidc/jwk.go:168.95,171.16 2 0
github.com/lukaszraczylo/traefikoidc/jwk.go:171.16,173.3 1 0
github.com/lukaszraczylo/traefikoidc/jwk.go:175.2,176.16 2 0
github.com/lukaszraczylo/traefikoidc/jwk.go:176.16,178.3 1 0
github.com/lukaszraczylo/traefikoidc/jwk.go:179.2,181.38 2 0
github.com/lukaszraczylo/traefikoidc/jwk.go:181.38,183.3 1 0
github.com/lukaszraczylo/traefikoidc/jwk.go:185.2,186.65 2 0
github.com/lukaszraczylo/traefikoidc/jwk.go:186.65,188.3 1 0
github.com/lukaszraczylo/traefikoidc/jwk.go:190.2,190.19 1 0
github.com/lukaszraczylo/traefikoidc/jwk.go:203.41,205.9 2 256
github.com/lukaszraczylo/traefikoidc/jwk.go:205.9,207.3 1 1
github.com/lukaszraczylo/traefikoidc/jwk.go:208.2,208.23 1 255
github.com/lukaszraczylo/traefikoidc/jwk.go:229.44,231.16 2 251
github.com/lukaszraczylo/traefikoidc/jwk.go:231.16,233.3 1 0
github.com/lukaszraczylo/traefikoidc/jwk.go:234.2,235.16 2 251
github.com/lukaszraczylo/traefikoidc/jwk.go:235.16,237.3 1 0
github.com/lukaszraczylo/traefikoidc/jwk.go:239.2,248.16 5 251
github.com/lukaszraczylo/traefikoidc/jwk.go:248.16,250.3 1 0
github.com/lukaszraczylo/traefikoidc/jwk.go:252.2,257.23 2 251
github.com/lukaszraczylo/traefikoidc/jwk.go:272.43,274.16 2 4
github.com/lukaszraczylo/traefikoidc/jwk.go:274.16,276.3 1 0
github.com/lukaszraczylo/traefikoidc/jwk.go:277.2,278.16 2 4
github.com/lukaszraczylo/traefikoidc/jwk.go:278.16,280.3 1 0
github.com/lukaszraczylo/traefikoidc/jwk.go:282.2,283.17 2 4
github.com/lukaszraczylo/traefikoidc/jwk.go:284.15,285.26 1 2
github.com/lukaszraczylo/traefikoidc/jwk.go:286.15,287.26 1 1
github.com/lukaszraczylo/traefikoidc/jwk.go:288.15,289.26 1 1
github.com/lukaszraczylo/traefikoidc/jwk.go:290.10,291.68 1 0
github.com/lukaszraczylo/traefikoidc/jwk.go:294.2,301.16 3 4
github.com/lukaszraczylo/traefikoidc/jwk.go:301.16,303.3 1 0
github.com/lukaszraczylo/traefikoidc/jwk.go:305.2,310.23 2 4
github.com/lukaszraczylo/traefikoidc/jwt.go:24.24,25.24 1 14
github.com/lukaszraczylo/traefikoidc/jwt.go:25.24,28.3 2 1
github.com/lukaszraczylo/traefikoidc/jwt.go:64.49,66.21 2 1825
github.com/lukaszraczylo/traefikoidc/jwt.go:66.21,68.3 1 1
github.com/lukaszraczylo/traefikoidc/jwt.go:70.2,75.16 3 1824
github.com/lukaszraczylo/traefikoidc/jwt.go:75.16,77.3 1 2
github.com/lukaszraczylo/traefikoidc/jwt.go:79.2,79.65 1 1822
github.com/lukaszraczylo/traefikoidc/jwt.go:79.65,81.3 1 2
github.com/lukaszraczylo/traefikoidc/jwt.go:84.2,84.23 1 1820
github.com/lukaszraczylo/traefikoidc/jwt.go:84.23,86.3 1 0
github.com/lukaszraczylo/traefikoidc/jwt.go:88.2,89.16 2 1820
github.com/lukaszraczylo/traefikoidc/jwt.go:89.16,91.3 1 2
github.com/lukaszraczylo/traefikoidc/jwt.go:94.2,94.65 1 1818
github.com/lukaszraczylo/traefikoidc/jwt.go:94.65,96.3 1 0
github.com/lukaszraczylo/traefikoidc/jwt.go:99.2,99.23 1 1818
github.com/lukaszraczylo/traefikoidc/jwt.go:99.23,101.3 1 0
github.com/lukaszraczylo/traefikoidc/jwt.go:103.2,104.16 2 1818
github.com/lukaszraczylo/traefikoidc/jwt.go:104.16,106.3 1 2
github.com/lukaszraczylo/traefikoidc/jwt.go:107.2,109.17 2 1816
github.com/lukaszraczylo/traefikoidc/jwt.go:131.81,134.9 2 267
github.com/lukaszraczylo/traefikoidc/jwt.go:134.9,136.3 1 0
github.com/lukaszraczylo/traefikoidc/jwt.go:137.2,142.25 2 267
github.com/lukaszraczylo/traefikoidc/jwt.go:142.25,144.3 1 0
github.com/lukaszraczylo/traefikoidc/jwt.go:146.2,149.9 3 267
github.com/lukaszraczylo/traefikoidc/jwt.go:149.9,151.3 1 2
github.com/lukaszraczylo/traefikoidc/jwt.go:152.2,152.53 1 265
github.com/lukaszraczylo/traefikoidc/jwt.go:152.53,154.3 1 1
github.com/lukaszraczylo/traefikoidc/jwt.go:156.2,157.9 2 264
github.com/lukaszraczylo/traefikoidc/jwt.go:157.9,159.3 1 1
github.com/lukaszraczylo/traefikoidc/jwt.go:160.2,160.54 1 263
github.com/lukaszraczylo/traefikoidc/jwt.go:160.54,162.3 1 1
github.com/lukaszraczylo/traefikoidc/jwt.go:164.2,165.9 2 262
github.com/lukaszraczylo/traefikoidc/jwt.go:165.9,167.3 1 1
github.com/lukaszraczylo/traefikoidc/jwt.go:168.2,168.46 1 261
github.com/lukaszraczylo/traefikoidc/jwt.go:168.46,170.3 1 1
github.com/lukaszraczylo/traefikoidc/jwt.go:172.2,173.9 2 260
github.com/lukaszraczylo/traefikoidc/jwt.go:173.9,175.3 1 1
github.com/lukaszraczylo/traefikoidc/jwt.go:176.2,176.44 1 259
github.com/lukaszraczylo/traefikoidc/jwt.go:176.44,178.3 1 1
github.com/lukaszraczylo/traefikoidc/jwt.go:180.2,180.44 1 258
github.com/lukaszraczylo/traefikoidc/jwt.go:180.44,181.46 1 244
github.com/lukaszraczylo/traefikoidc/jwt.go:181.46,183.4 1 0
github.com/lukaszraczylo/traefikoidc/jwt.go:188.2,190.64 2 258
github.com/lukaszraczylo/traefikoidc/jwt.go:190.64,192.20 1 13
github.com/lukaszraczylo/traefikoidc/jwt.go:192.20,196.4 1 0
github.com/lukaszraczylo/traefikoidc/jwt.go:199.3,206.48 4 13
github.com/lukaszraczylo/traefikoidc/jwt.go:206.48,208.4 1 9
github.com/lukaszraczylo/traefikoidc/jwt.go:211.3,213.9 3 4
github.com/lukaszraczylo/traefikoidc/jwt.go:213.9,215.4 1 4
github.com/lukaszraczylo/traefikoidc/jwt.go:215.9,217.4 1 0
github.com/lukaszraczylo/traefikoidc/jwt.go:220.3,221.19 2 4
github.com/lukaszraczylo/traefikoidc/jwt.go:221.19,223.4 1 4
github.com/lukaszraczylo/traefikoidc/jwt.go:226.2,227.22 2 249
github.com/lukaszraczylo/traefikoidc/jwt.go:227.22,229.3 1 1
github.com/lukaszraczylo/traefikoidc/jwt.go:231.2,231.12 1 248
github.com/lukaszraczylo/traefikoidc/jwt.go:244.79,245.37 1 263
github.com/lukaszraczylo/traefikoidc/jwt.go:246.14,247.30 1 263
github.com/lukaszraczylo/traefikoidc/jwt.go:247.30,249.4 1 1
github.com/lukaszraczylo/traefikoidc/jwt.go:250.21,252.25 2 0
github.com/lukaszraczylo/traefikoidc/jwt.go:252.25,253.60 1 0
github.com/lukaszraczylo/traefikoidc/jwt.go:253.60,255.10 2 0
github.com/lukaszraczylo/traefikoidc/jwt.go:258.3,258.13 1 0
github.com/lukaszraczylo/traefikoidc/jwt.go:258.13,260.4 1 0
github.com/lukaszraczylo/traefikoidc/jwt.go:261.10,262.48 1 0
github.com/lukaszraczylo/traefikoidc/jwt.go:264.2,264.12 1 262
github.com/lukaszraczylo/traefikoidc/jwt.go:276.61,277.35 1 265
github.com/lukaszraczylo/traefikoidc/jwt.go:277.35,279.3 1 1
github.com/lukaszraczylo/traefikoidc/jwt.go:280.2,280.12 1 264
github.com/lukaszraczylo/traefikoidc/jwt.go:294.82,299.12 4 773
github.com/lukaszraczylo/traefikoidc/jwt.go:299.12,302.31 2 264
github.com/lukaszraczylo/traefikoidc/jwt.go:302.31,304.4 1 2
github.com/lukaszraczylo/traefikoidc/jwt.go:305.8,308.31 2 509
github.com/lukaszraczylo/traefikoidc/jwt.go:308.31,310.26 2 3
github.com/lukaszraczylo/traefikoidc/jwt.go:310.26,312.5 1 2
github.com/lukaszraczylo/traefikoidc/jwt.go:313.4,313.135 1 3
github.com/lukaszraczylo/traefikoidc/jwt.go:317.2,317.12 1 773
github.com/lukaszraczylo/traefikoidc/jwt.go:322.49,324.2 1 264
github.com/lukaszraczylo/traefikoidc/jwt.go:328.45,330.2 1 262
github.com/lukaszraczylo/traefikoidc/jwt.go:334.47,336.2 1 247
github.com/lukaszraczylo/traefikoidc/jwt.go:353.81,355.21 2 254
github.com/lukaszraczylo/traefikoidc/jwt.go:355.21,357.3 1 0
github.com/lukaszraczylo/traefikoidc/jwt.go:358.2,360.16 3 254
github.com/lukaszraczylo/traefikoidc/jwt.go:360.16,362.3 1 0
github.com/lukaszraczylo/traefikoidc/jwt.go:363.2,364.18 2 254
github.com/lukaszraczylo/traefikoidc/jwt.go:364.18,366.3 1 0
github.com/lukaszraczylo/traefikoidc/jwt.go:367.2,368.16 2 254
github.com/lukaszraczylo/traefikoidc/jwt.go:368.16,370.3 1 0
github.com/lukaszraczylo/traefikoidc/jwt.go:371.2,372.13 2 254
github.com/lukaszraczylo/traefikoidc/jwt.go:373.33,374.27 1 246
github.com/lukaszraczylo/traefikoidc/jwt.go:375.33,376.27 1 3
github.com/lukaszraczylo/traefikoidc/jwt.go:377.33,378.27 1 3
github.com/lukaszraczylo/traefikoidc/jwt.go:379.10,380.54 1 2
github.com/lukaszraczylo/traefikoidc/jwt.go:382.2,385.33 4 252
github.com/lukaszraczylo/traefikoidc/jwt.go:386.22,387.35 1 249
github.com/lukaszraczylo/traefikoidc/jwt.go:387.35,389.4 1 246
github.com/lukaszraczylo/traefikoidc/jwt.go:389.9,389.42 1 3
github.com/lukaszraczylo/traefikoidc/jwt.go:389.42,391.4 1 3
github.com/lukaszraczylo/traefikoidc/jwt.go:391.9,393.4 1 0
github.com/lukaszraczylo/traefikoidc/jwt.go:394.24,395.35 1 3
github.com/lukaszraczylo/traefikoidc/jwt.go:395.35,398.21 3 3
github.com/lukaszraczylo/traefikoidc/jwt.go:398.21,400.5 1 0
github.com/lukaszraczylo/traefikoidc/jwt.go:401.4,403.44 3 3
github.com/lukaszraczylo/traefikoidc/jwt.go:403.44,405.5 1 3
github.com/lukaszraczylo/traefikoidc/jwt.go:405.10,407.5 1 0
github.com/lukaszraczylo/traefikoidc/jwt.go:408.9,410.4 1 0
github.com/lukaszraczylo/traefikoidc/jwt.go:411.10,412.63 1 0
github.com/lukaszraczylo/traefikoidc/main.go:31.45,34.82 1 4
github.com/lukaszraczylo/traefikoidc/main.go:34.82,40.4 2 4
github.com/lukaszraczylo/traefikoidc/main.go:51.2,54.69 1 4
github.com/lukaszraczylo/traefikoidc/main.go:54.69,56.22 1 0
github.com/lukaszraczylo/traefikoidc/main.go:56.22,58.5 1 0
github.com/lukaszraczylo/traefikoidc/main.go:59.4,59.14 1 0
github.com/lukaszraczylo/traefikoidc/main.go:73.66,80.69 2 3
github.com/lukaszraczylo/traefikoidc/main.go:80.69,82.22 1 0
github.com/lukaszraczylo/traefikoidc/main.go:82.22,84.5 1 0
github.com/lukaszraczylo/traefikoidc/main.go:85.4,85.14 1 0
github.com/lukaszraczylo/traefikoidc/main.go:189.55,191.17 1 1826
github.com/lukaszraczylo/traefikoidc/main.go:191.17,193.3 1 3
github.com/lukaszraczylo/traefikoidc/main.go:196.2,196.36 1 1823
github.com/lukaszraczylo/traefikoidc/main.go:196.36,198.3 1 10
github.com/lukaszraczylo/traefikoidc/main.go:201.2,201.21 1 1813
github.com/lukaszraczylo/traefikoidc/main.go:201.21,203.3 1 1
github.com/lukaszraczylo/traefikoidc/main.go:207.2,207.86 1 1812
github.com/lukaszraczylo/traefikoidc/main.go:207.86,209.3 1 2
github.com/lukaszraczylo/traefikoidc/main.go:212.2,213.21 2 1810
github.com/lukaszraczylo/traefikoidc/main.go:213.21,215.3 1 7
github.com/lukaszraczylo/traefikoidc/main.go:218.2,218.66 1 1803
github.com/lukaszraczylo/traefikoidc/main.go:218.66,220.99 1 1801
github.com/lukaszraczylo/traefikoidc/main.go:220.99,222.86 1 10
github.com/lukaszraczylo/traefikoidc/main.go:222.86,224.5 1 0
github.com/lukaszraczylo/traefikoidc/main.go:229.2,229.74 1 1803
github.com/lukaszraczylo/traefikoidc/main.go:229.74,232.3 2 1547
github.com/lukaszraczylo/traefikoidc/main.go:235.2,235.24 1 256
github.com/lukaszraczylo/traefikoidc/main.go:235.24,237.3 1 2
github.com/lukaszraczylo/traefikoidc/main.go:239.2,245.66 3 254
github.com/lukaszraczylo/traefikoidc/main.go:245.66,247.3 1 12
github.com/lukaszraczylo/traefikoidc/main.go:250.2,253.60 2 242
github.com/lukaszraczylo/traefikoidc/main.go:253.60,256.60 2 241
github.com/lukaszraczylo/traefikoidc/main.go:256.60,260.82 3 241
github.com/lukaszraczylo/traefikoidc/main.go:260.82,262.5 1 0
github.com/lukaszraczylo/traefikoidc/main.go:262.10,262.33 1 241
github.com/lukaszraczylo/traefikoidc/main.go:262.33,265.5 1 0
github.com/lukaszraczylo/traefikoidc/main.go:265.10,268.5 1 241
github.com/lukaszraczylo/traefikoidc/main.go:272.3,278.25 4 241
github.com/lukaszraczylo/traefikoidc/main.go:278.25,280.4 1 1
github.com/lukaszraczylo/traefikoidc/main.go:281.3,282.19 2 241
github.com/lukaszraczylo/traefikoidc/main.go:282.19,284.4 1 241
github.com/lukaszraczylo/traefikoidc/main.go:285.3,285.25 1 241
github.com/lukaszraczylo/traefikoidc/main.go:288.2,288.12 1 242
github.com/lukaszraczylo/traefikoidc/main.go:298.87,301.9 2 242
github.com/lukaszraczylo/traefikoidc/main.go:301.9,304.3 2 0
github.com/lukaszraczylo/traefikoidc/main.go:306.2,309.43 4 242
github.com/lukaszraczylo/traefikoidc/main.go:324.81,329.16 3 254
github.com/lukaszraczylo/traefikoidc/main.go:329.16,331.3 1 0
github.com/lukaszraczylo/traefikoidc/main.go:334.2,335.9 2 254
github.com/lukaszraczylo/traefikoidc/main.go:335.9,337.3 1 0
github.com/lukaszraczylo/traefikoidc/main.go:338.2,339.9 2 254
github.com/lukaszraczylo/traefikoidc/main.go:339.9,341.3 1 0
github.com/lukaszraczylo/traefikoidc/main.go:344.2,345.32 2 254
github.com/lukaszraczylo/traefikoidc/main.go:345.32,346.21 1 254
github.com/lukaszraczylo/traefikoidc/main.go:346.21,348.9 2 254
github.com/lukaszraczylo/traefikoidc/main.go:351.2,351.24 1 254
github.com/lukaszraczylo/traefikoidc/main.go:351.24,353.3 1 0
github.com/lukaszraczylo/traefikoidc/main.go:356.2,357.16 2 254
github.com/lukaszraczylo/traefikoidc/main.go:357.16,359.3 1 0
github.com/lukaszraczylo/traefikoidc/main.go:362.2,362.66 1 254
github.com/lukaszraczylo/traefikoidc/main.go:362.66,364.3 1 3
github.com/lukaszraczylo/traefikoidc/main.go:367.2,367.66 1 251
github.com/lukaszraczylo/traefikoidc/main.go:367.66,369.3 1 9
github.com/lukaszraczylo/traefikoidc/main.go:371.2,371.12 1 242
github.com/lukaszraczylo/traefikoidc/main.go:396.101,397.19 1 3
github.com/lukaszraczylo/traefikoidc/main.go:397.19,399.3 1 0
github.com/lukaszraczylo/traefikoidc/main.go:402.2,402.39 1 3
github.com/lukaszraczylo/traefikoidc/main.go:402.39,405.3 1 0
github.com/lukaszraczylo/traefikoidc/main.go:408.2,410.63 2 3
github.com/lukaszraczylo/traefikoidc/main.go:410.63,411.34 1 0
github.com/lukaszraczylo/traefikoidc/main.go:411.34,415.4 2 0
github.com/lukaszraczylo/traefikoidc/main.go:415.9,417.4 1 0
github.com/lukaszraczylo/traefikoidc/main.go:420.2,421.30 2 3
github.com/lukaszraczylo/traefikoidc/main.go:421.30,423.3 1 0
github.com/lukaszraczylo/traefikoidc/main.go:423.8,425.3 1 3
github.com/lukaszraczylo/traefikoidc/main.go:426.2,430.32 1 3
github.com/lukaszraczylo/traefikoidc/main.go:430.32,431.30 1 3
github.com/lukaszraczylo/traefikoidc/main.go:431.30,433.5 1 3
github.com/lukaszraczylo/traefikoidc/main.go:434.4,434.27 1 0
github.com/lukaszraczylo/traefikoidc/main.go:436.40,437.42 1 3
github.com/lukaszraczylo/traefikoidc/main.go:437.42,439.5 1 3
github.com/lukaszraczylo/traefikoidc/main.go:440.4,440.39 1 0
github.com/lukaszraczylo/traefikoidc/main.go:442.33,446.4 3 3
github.com/lukaszraczylo/traefikoidc/main.go:464.44,465.44 1 3
github.com/lukaszraczylo/traefikoidc/main.go:465.44,467.5 1 0
github.com/lukaszraczylo/traefikoidc/main.go:468.4,468.27 1 3
github.com/lukaszraczylo/traefikoidc/main.go:474.2,477.123 3 3
github.com/lukaszraczylo/traefikoidc/main.go:477.123,479.3 1 0
github.com/lukaszraczylo/traefikoidc/main.go:482.2,482.40 1 3
github.com/lukaszraczylo/traefikoidc/main.go:482.40,484.3 1 3
github.com/lukaszraczylo/traefikoidc/main.go:486.2,493.40 6 3
github.com/lukaszraczylo/traefikoidc/main.go:493.40,495.17 2 0
github.com/lukaszraczylo/traefikoidc/main.go:495.17,497.12 2 0
github.com/lukaszraczylo/traefikoidc/main.go:499.3,500.80 2 0
github.com/lukaszraczylo/traefikoidc/main.go:503.2,505.15 2 3
github.com/lukaszraczylo/traefikoidc/main.go:517.62,522.16 3 3
github.com/lukaszraczylo/traefikoidc/main.go:522.16,526.3 2 0
github.com/lukaszraczylo/traefikoidc/main.go:528.2,528.21 1 3
github.com/lukaszraczylo/traefikoidc/main.go:528.21,538.3 5 3
github.com/lukaszraczylo/traefikoidc/main.go:540.2,540.63 1 0
github.com/lukaszraczylo/traefikoidc/main.go:550.75,557.2 6 3
github.com/lukaszraczylo/traefikoidc/main.go:566.64,570.12 3 3
github.com/lukaszraczylo/traefikoidc/main.go:570.12,574.7 3 3
github.com/lukaszraczylo/traefikoidc/main.go:574.7,575.11 1 3
github.com/lukaszraczylo/traefikoidc/main.go:576.20,579.19 3 0
github.com/lukaszraczylo/traefikoidc/main.go:579.19,581.14 2 0
github.com/lukaszraczylo/traefikoidc/main.go:584.5,584.24 1 0
github.com/lukaszraczylo/traefikoidc/main.go:584.24,587.6 2 0
github.com/lukaszraczylo/traefikoidc/main.go:587.11,589.6 1 0
github.com/lukaszraczylo/traefikoidc/main.go:590.37,592.11 2 0
github.com/lukaszraczylo/traefikoidc/main.go:611.114,623.52 8 7
github.com/lukaszraczylo/traefikoidc/main.go:623.52,624.39 1 19
github.com/lukaszraczylo/traefikoidc/main.go:624.39,627.4 2 0
github.com/lukaszraczylo/traefikoidc/main.go:629.3,630.17 2 19
github.com/lukaszraczylo/traefikoidc/main.go:630.17,633.4 2 4
github.com/lukaszraczylo/traefikoidc/main.go:635.3,638.29 2 15
github.com/lukaszraczylo/traefikoidc/main.go:638.29,641.24 2 12
github.com/lukaszraczylo/traefikoidc/main.go:641.24,643.5 1 0
github.com/lukaszraczylo/traefikoidc/main.go:644.4,645.21 2 12
github.com/lukaszraczylo/traefikoidc/main.go:646.9,648.4 1 3
github.com/lukaszraczylo/traefikoidc/main.go:651.2,652.94 2 3
github.com/lukaszraczylo/traefikoidc/main.go:665.93,667.16 2 19
github.com/lukaszraczylo/traefikoidc/main.go:667.16,669.3 1 12
github.com/lukaszraczylo/traefikoidc/main.go:670.2,670.17 1 7
github.com/lukaszraczylo/traefikoidc/main.go:670.17,672.3 1 0
github.com/lukaszraczylo/traefikoidc/main.go:675.2,675.15 1 7
github.com/lukaszraczylo/traefikoidc/main.go:675.15,676.38 1 7
github.com/lukaszraczylo/traefikoidc/main.go:676.38,678.4 1 7
github.com/lukaszraczylo/traefikoidc/main.go:681.2,681.38 1 7
github.com/lukaszraczylo/traefikoidc/main.go:681.38,684.3 2 3
github.com/lukaszraczylo/traefikoidc/main.go:686.2,687.69 2 4
github.com/lukaszraczylo/traefikoidc/main.go:687.69,690.3 1 0
github.com/lukaszraczylo/traefikoidc/main.go:692.2,692.23 1 4
github.com/lukaszraczylo/traefikoidc/main.go:697.76,699.9 1 36
github.com/lukaszraczylo/traefikoidc/main.go:700.24,701.24 1 36
github.com/lukaszraczylo/traefikoidc/main.go:701.24,705.4 3 0
github.com/lukaszraczylo/traefikoidc/main.go:706.30,709.9 3 0
github.com/lukaszraczylo/traefikoidc/main.go:710.38,713.9 3 0
github.com/lukaszraczylo/traefikoidc/main.go:717.2,717.42 1 36
github.com/lukaszraczylo/traefikoidc/main.go:717.42,721.3 3 1
github.com/lukaszraczylo/traefikoidc/main.go:722.2,723.57 2 35
github.com/lukaszraczylo/traefikoidc/main.go:723.57,727.3 3 0
github.com/lukaszraczylo/traefikoidc/main.go:730.2,731.16 2 35
github.com/lukaszraczylo/traefikoidc/main.go:731.16,736.21 3 0
github.com/lukaszraczylo/traefikoidc/main.go:736.21,738.59 1 0
github.com/lukaszraczylo/traefikoidc/main.go:738.59,740.5 1 0
github.com/lukaszraczylo/traefikoidc/main.go:741.9,746.4 3 0
github.com/lukaszraczylo/traefikoidc/main.go:747.3,751.9 5 0
github.com/lukaszraczylo/traefikoidc/main.go:755.2,759.37 4 35
github.com/lukaszraczylo/traefikoidc/main.go:759.37,762.3 2 1
github.com/lukaszraczylo/traefikoidc/main.go:763.2,763.36 1 34
github.com/lukaszraczylo/traefikoidc/main.go:763.36,766.3 2 1
github.com/lukaszraczylo/traefikoidc/main.go:769.2,771.13 2 33
github.com/lukaszraczylo/traefikoidc/main.go:771.13,776.3 3 1
github.com/lukaszraczylo/traefikoidc/main.go:779.2,780.34 2 32
github.com/lukaszraczylo/traefikoidc/main.go:780.34,781.32 1 25
github.com/lukaszraczylo/traefikoidc/main.go:781.32,786.4 4 2
github.com/lukaszraczylo/traefikoidc/main.go:790.2,790.36 1 30
github.com/lukaszraczylo/traefikoidc/main.go:790.36,794.65 2 19
github.com/lukaszraczylo/traefikoidc/main.go:794.65,796.44 1 19
github.com/lukaszraczylo/traefikoidc/main.go:796.44,797.54 1 18
github.com/lukaszraczylo/traefikoidc/main.go:797.54,801.6 3 0
github.com/lukaszraczylo/traefikoidc/main.go:802.10,805.5 1 1
github.com/lukaszraczylo/traefikoidc/main.go:807.3,808.9 2 19
github.com/lukaszraczylo/traefikoidc/main.go:815.2,818.26 3 11
github.com/lukaszraczylo/traefikoidc/main.go:818.26,822.20 2 6
github.com/lukaszraczylo/traefikoidc/main.go:822.20,824.18 2 0
github.com/lukaszraczylo/traefikoidc/main.go:824.18,828.52 2 0
github.com/lukaszraczylo/traefikoidc/main.go:828.52,834.46 4 0
github.com/lukaszraczylo/traefikoidc/main.go:834.46,838.7 3 0
github.com/lukaszraczylo/traefikoidc/main.go:839.11,841.6 1 0
github.com/lukaszraczylo/traefikoidc/main.go:845.3,845.36 1 6
github.com/lukaszraczylo/traefikoidc/main.go:845.36,847.4 1 4
github.com/lukaszraczylo/traefikoidc/main.go:847.9,847.44 1 2
github.com/lukaszraczylo/traefikoidc/main.go:847.44,849.4 1 2
github.com/lukaszraczylo/traefikoidc/main.go:851.3,852.16 2 6
github.com/lukaszraczylo/traefikoidc/main.go:852.16,855.48 2 3
github.com/lukaszraczylo/traefikoidc/main.go:855.48,860.5 4 0
github.com/lukaszraczylo/traefikoidc/main.go:863.4,865.10 3 3
github.com/lukaszraczylo/traefikoidc/main.go:869.3,872.57 3 3
github.com/lukaszraczylo/traefikoidc/main.go:872.57,877.4 4 1
github.com/lukaszraczylo/traefikoidc/main.go:877.9,881.4 2 2
github.com/lukaszraczylo/traefikoidc/main.go:882.3,882.9 1 3
github.com/lukaszraczylo/traefikoidc/main.go:891.2,892.64 2 5
github.com/lukaszraczylo/traefikoidc/main.go:898.133,900.17 2 22
github.com/lukaszraczylo/traefikoidc/main.go:900.17,906.3 3 0
github.com/lukaszraczylo/traefikoidc/main.go:912.2,913.26 2 22
github.com/lukaszraczylo/traefikoidc/main.go:913.26,916.63 2 5
github.com/lukaszraczylo/traefikoidc/main.go:916.63,920.4 3 0
github.com/lukaszraczylo/traefikoidc/main.go:924.2,927.26 2 22
github.com/lukaszraczylo/traefikoidc/main.go:927.26,930.53 3 22
github.com/lukaszraczylo/traefikoidc/main.go:930.53,934.4 3 0
github.com/lukaszraczylo/traefikoidc/main.go:934.9,934.24 1 22
github.com/lukaszraczylo/traefikoidc/main.go:934.24,936.23 1 22
github.com/lukaszraczylo/traefikoidc/main.go:936.23,938.5 1 4
github.com/lukaszraczylo/traefikoidc/main.go:939.4,939.22 1 22
github.com/lukaszraczylo/traefikoidc/main.go:939.22,941.5 1 5
github.com/lukaszraczylo/traefikoidc/main.go:946.2,946.38 1 22
github.com/lukaszraczylo/traefikoidc/main.go:946.38,948.56 2 3
github.com/lukaszraczylo/traefikoidc/main.go:948.56,949.57 1 5
github.com/lukaszraczylo/traefikoidc/main.go:949.57,951.10 2 2
github.com/lukaszraczylo/traefikoidc/main.go:954.3,954.15 1 3
github.com/lukaszraczylo/traefikoidc/main.go:954.15,959.4 4 1
github.com/lukaszraczylo/traefikoidc/main.go:963.2,968.52 4 21
github.com/lukaszraczylo/traefikoidc/main.go:968.52,970.3 1 17
github.com/lukaszraczylo/traefikoidc/main.go:973.2,973.32 1 21
github.com/lukaszraczylo/traefikoidc/main.go:973.32,977.17 2 12
github.com/lukaszraczylo/traefikoidc/main.go:977.17,979.4 1 0
github.com/lukaszraczylo/traefikoidc/main.go:979.9,996.52 2 12
github.com/lukaszraczylo/traefikoidc/main.go:996.52,998.60 2 18
github.com/lukaszraczylo/traefikoidc/main.go:998.60,1000.14 2 0
github.com/lukaszraczylo/traefikoidc/main.go:1002.5,1004.77 3 18
github.com/lukaszraczylo/traefikoidc/main.go:1007.4,1008.78 2 12
github.com/lukaszraczylo/traefikoidc/main.go:1015.2,1015.23 1 21
github.com/lukaszraczylo/traefikoidc/main.go:1015.23,1016.47 1 16
github.com/lukaszraczylo/traefikoidc/main.go:1016.47,1019.4 1 0
github.com/lukaszraczylo/traefikoidc/main.go:1020.8,1022.3 1 5
github.com/lukaszraczylo/traefikoidc/main.go:1025.2,1032.18 6 21
github.com/lukaszraczylo/traefikoidc/main.go:1032.18,1039.30 5 0
github.com/lukaszraczylo/traefikoidc/main.go:1039.30,1042.4 2 0
github.com/lukaszraczylo/traefikoidc/main.go:1046.2,1047.27 2 21
github.com/lukaszraczylo/traefikoidc/main.go:1061.127,1072.46 7 3
github.com/lukaszraczylo/traefikoidc/main.go:1072.46,1075.3 1 0
github.com/lukaszraczylo/traefikoidc/main.go:1078.2,1078.64 1 3
github.com/lukaszraczylo/traefikoidc/main.go:1102.101,1104.16 2 10
github.com/lukaszraczylo/traefikoidc/main.go:1104.16,1108.3 3 0
github.com/lukaszraczylo/traefikoidc/main.go:1110.2,1113.40 2 10
github.com/lukaszraczylo/traefikoidc/main.go:1113.40,1115.29 2 0
github.com/lukaszraczylo/traefikoidc/main.go:1115.29,1117.4 1 0
github.com/lukaszraczylo/traefikoidc/main.go:1118.3,1120.9 3 0
github.com/lukaszraczylo/traefikoidc/main.go:1124.2,1125.17 2 10
github.com/lukaszraczylo/traefikoidc/main.go:1125.17,1129.3 3 1
github.com/lukaszraczylo/traefikoidc/main.go:1131.2,1132.21 2 9
github.com/lukaszraczylo/traefikoidc/main.go:1132.21,1136.3 3 1
github.com/lukaszraczylo/traefikoidc/main.go:1138.2,1138.24 1 8
github.com/lukaszraczylo/traefikoidc/main.go:1138.24,1142.3 3 1
github.com/lukaszraczylo/traefikoidc/main.go:1145.2,1146.16 2 7
github.com/lukaszraczylo/traefikoidc/main.go:1146.16,1150.3 3 0
github.com/lukaszraczylo/traefikoidc/main.go:1153.2,1156.16 3 7
github.com/lukaszraczylo/traefikoidc/main.go:1156.16,1160.3 3 1
github.com/lukaszraczylo/traefikoidc/main.go:1163.2,1163.61 1 6
github.com/lukaszraczylo/traefikoidc/main.go:1163.61,1167.3 3 1
github.com/lukaszraczylo/traefikoidc/main.go:1169.2,1170.16 2 5
github.com/lukaszraczylo/traefikoidc/main.go:1170.16,1174.3 3 0
github.com/lukaszraczylo/traefikoidc/main.go:1177.2,1178.29 2 5
github.com/lukaszraczylo/traefikoidc/main.go:1178.29,1182.3 3 1
github.com/lukaszraczylo/traefikoidc/main.go:1184.2,1185.24 2 4
github.com/lukaszraczylo/traefikoidc/main.go:1185.24,1189.3 3 0
github.com/lukaszraczylo/traefikoidc/main.go:1191.2,1191.32 1 4
github.com/lukaszraczylo/traefikoidc/main.go:1191.32,1195.3 3 1
github.com/lukaszraczylo/traefikoidc/main.go:1198.2,1199.17 2 3
github.com/lukaszraczylo/traefikoidc/main.go:1199.17,1203.3 3 0
github.com/lukaszraczylo/traefikoidc/main.go:1204.2,1204.31 1 3
github.com/lukaszraczylo/traefikoidc/main.go:1204.31,1208.3 3 1
github.com/lukaszraczylo/traefikoidc/main.go:1212.2,1212.55 1 2
github.com/lukaszraczylo/traefikoidc/main.go:1212.55,1216.3 3 0
github.com/lukaszraczylo/traefikoidc/main.go:1217.2,1232.101 10 2
github.com/lukaszraczylo/traefikoidc/main.go:1232.101,1234.3 1 0
github.com/lukaszraczylo/traefikoidc/main.go:1235.2,1237.46 2 2
github.com/lukaszraczylo/traefikoidc/main.go:1237.46,1241.3 3 0
github.com/lukaszraczylo/traefikoidc/main.go:1244.2,1245.56 2 2
github.com/lukaszraczylo/traefikoidc/main.go:1256.72,1257.42 1 36
github.com/lukaszraczylo/traefikoidc/main.go:1257.42,1258.53 1 36
github.com/lukaszraczylo/traefikoidc/main.go:1258.53,1261.4 2 1
github.com/lukaszraczylo/traefikoidc/main.go:1264.2,1264.14 1 35
github.com/lukaszraczylo/traefikoidc/main.go:1276.65,1277.65 1 40
github.com/lukaszraczylo/traefikoidc/main.go:1277.65,1279.3 1 28
github.com/lukaszraczylo/traefikoidc/main.go:1280.2,1280.20 1 12
github.com/lukaszraczylo/traefikoidc/main.go:1280.20,1282.3 1 0
github.com/lukaszraczylo/traefikoidc/main.go:1283.2,1283.15 1 12
github.com/lukaszraczylo/traefikoidc/main.go:1294.63,1295.60 1 40
github.com/lukaszraczylo/traefikoidc/main.go:1295.60,1297.3 1 28
github.com/lukaszraczylo/traefikoidc/main.go:1298.2,1298.17 1 12
github.com/lukaszraczylo/traefikoidc/main.go:1313.84,1314.33 1 33
github.com/lukaszraczylo/traefikoidc/main.go:1314.33,1317.38 2 7
github.com/lukaszraczylo/traefikoidc/main.go:1317.38,1320.4 2 2
github.com/lukaszraczylo/traefikoidc/main.go:1321.3,1321.29 1 5
github.com/lukaszraczylo/traefikoidc/main.go:1325.2,1326.23 2 26
github.com/lukaszraczylo/traefikoidc/main.go:1326.23,1328.38 2 0
github.com/lukaszraczylo/traefikoidc/main.go:1328.38,1331.4 2 0
github.com/lukaszraczylo/traefikoidc/main.go:1332.3,1332.28 1 0
github.com/lukaszraczylo/traefikoidc/main.go:1336.2,1340.19 2 26
github.com/lukaszraczylo/traefikoidc/main.go:1340.19,1346.38 3 9
github.com/lukaszraczylo/traefikoidc/main.go:1346.38,1349.4 2 4
github.com/lukaszraczylo/traefikoidc/main.go:1351.3,1351.28 1 5
github.com/lukaszraczylo/traefikoidc/main.go:1358.2,1358.47 1 17
github.com/lukaszraczylo/traefikoidc/main.go:1358.47,1360.57 1 1
github.com/lukaszraczylo/traefikoidc/main.go:1360.57,1365.39 2 0
github.com/lukaszraczylo/traefikoidc/main.go:1365.39,1367.5 1 0
github.com/lukaszraczylo/traefikoidc/main.go:1368.4,1368.29 1 0
github.com/lukaszraczylo/traefikoidc/main.go:1372.3,1374.38 2 1
github.com/lukaszraczylo/traefikoidc/main.go:1374.38,1377.4 2 0
github.com/lukaszraczylo/traefikoidc/main.go:1378.3,1378.28 1 1
github.com/lukaszraczylo/traefikoidc/main.go:1382.2,1383.12 2 16
github.com/lukaszraczylo/traefikoidc/main.go:1383.12,1387.38 2 0
github.com/lukaszraczylo/traefikoidc/main.go:1387.38,1390.4 2 0
github.com/lukaszraczylo/traefikoidc/main.go:1391.3,1391.28 1 0
github.com/lukaszraczylo/traefikoidc/main.go:1393.2,1396.9 3 16
github.com/lukaszraczylo/traefikoidc/main.go:1396.9,1399.38 2 0
github.com/lukaszraczylo/traefikoidc/main.go:1399.38,1402.4 2 0
github.com/lukaszraczylo/traefikoidc/main.go:1403.3,1403.28 1 0
github.com/lukaszraczylo/traefikoidc/main.go:1406.2,1419.41 6 16
github.com/lukaszraczylo/traefikoidc/main.go:1419.41,1427.38 3 0
github.com/lukaszraczylo/traefikoidc/main.go:1427.38,1429.4 1 0
github.com/lukaszraczylo/traefikoidc/main.go:1432.3,1433.28 2 0
github.com/lukaszraczylo/traefikoidc/main.go:1437.2,1441.27 2 16
github.com/lukaszraczylo/traefikoidc/main.go:1456.138,1462.35 4 11
github.com/lukaszraczylo/traefikoidc/main.go:1462.35,1467.3 4 0
github.com/lukaszraczylo/traefikoidc/main.go:1470.2,1475.16 4 11
github.com/lukaszraczylo/traefikoidc/main.go:1475.16,1479.3 3 0
github.com/lukaszraczylo/traefikoidc/main.go:1482.2,1483.18 2 11
github.com/lukaszraczylo/traefikoidc/main.go:1483.18,1486.17 3 0
github.com/lukaszraczylo/traefikoidc/main.go:1486.17,1490.4 3 0
github.com/lukaszraczylo/traefikoidc/main.go:1491.3,1492.60 2 0
github.com/lukaszraczylo/traefikoidc/main.go:1497.2,1497.47 1 11
github.com/lukaszraczylo/traefikoidc/main.go:1497.47,1500.3 1 0
github.com/lukaszraczylo/traefikoidc/main.go:1503.2,1505.18 3 11
github.com/lukaszraczylo/traefikoidc/main.go:1505.18,1507.3 1 0
github.com/lukaszraczylo/traefikoidc/main.go:1509.2,1513.46 3 11
github.com/lukaszraczylo/traefikoidc/main.go:1513.46,1517.3 3 0
github.com/lukaszraczylo/traefikoidc/main.go:1520.2,1522.51 3 11
github.com/lukaszraczylo/traefikoidc/main.go:1535.55,1537.2 1 23
github.com/lukaszraczylo/traefikoidc/main.go:1552.92,1561.41 7 23
github.com/lukaszraczylo/traefikoidc/main.go:1561.41,1564.3 2 2
github.com/lukaszraczylo/traefikoidc/main.go:1567.2,1574.22 4 23
github.com/lukaszraczylo/traefikoidc/main.go:1574.22,1582.3 4 4
github.com/lukaszraczylo/traefikoidc/main.go:1582.8,1585.32 2 19
github.com/lukaszraczylo/traefikoidc/main.go:1585.32,1586.33 1 6
github.com/lukaszraczylo/traefikoidc/main.go:1586.33,1588.10 2 0
github.com/lukaszraczylo/traefikoidc/main.go:1592.3,1592.24 1 19
github.com/lukaszraczylo/traefikoidc/main.go:1592.24,1594.4 1 19
github.com/lukaszraczylo/traefikoidc/main.go:1597.2,1597.21 1 23
github.com/lukaszraczylo/traefikoidc/main.go:1597.21,1599.3 1 23
github.com/lukaszraczylo/traefikoidc/main.go:1602.2,1602.48 1 23
github.com/lukaszraczylo/traefikoidc/main.go:1615.84,1618.19 1 23
github.com/lukaszraczylo/traefikoidc/main.go:1618.19,1620.86 1 9
github.com/lukaszraczylo/traefikoidc/main.go:1620.86,1621.49 1 7
github.com/lukaszraczylo/traefikoidc/main.go:1621.49,1624.5 2 0
github.com/lukaszraczylo/traefikoidc/main.go:1629.2,1629.87 1 23
github.com/lukaszraczylo/traefikoidc/main.go:1629.87,1632.17 2 16
github.com/lukaszraczylo/traefikoidc/main.go:1632.17,1635.4 2 0
github.com/lukaszraczylo/traefikoidc/main.go:1637.3,1638.17 2 16
github.com/lukaszraczylo/traefikoidc/main.go:1638.17,1641.4 2 0
github.com/lukaszraczylo/traefikoidc/main.go:1643.3,1646.61 2 16
github.com/lukaszraczylo/traefikoidc/main.go:1646.61,1649.4 2 2
github.com/lukaszraczylo/traefikoidc/main.go:1651.3,1652.30 2 14
github.com/lukaszraczylo/traefikoidc/main.go:1656.2,1657.16 2 7
github.com/lukaszraczylo/traefikoidc/main.go:1657.16,1660.3 2 0
github.com/lukaszraczylo/traefikoidc/main.go:1663.2,1663.47 1 7
github.com/lukaszraczylo/traefikoidc/main.go:1663.47,1666.3 2 0
github.com/lukaszraczylo/traefikoidc/main.go:1668.2,1669.19 2 7
github.com/lukaszraczylo/traefikoidc/main.go:1673.56,1674.18 1 23
github.com/lukaszraczylo/traefikoidc/main.go:1674.18,1676.3 1 2
github.com/lukaszraczylo/traefikoidc/main.go:1679.2,1680.16 2 21
github.com/lukaszraczylo/traefikoidc/main.go:1680.16,1682.3 1 0
github.com/lukaszraczylo/traefikoidc/main.go:1684.2,1684.31 1 21
github.com/lukaszraczylo/traefikoidc/main.go:1687.59,1694.31 2 28
github.com/lukaszraczylo/traefikoidc/main.go:1694.31,1696.3 1 0
github.com/lukaszraczylo/traefikoidc/main.go:1698.2,1698.24 1 28
github.com/lukaszraczylo/traefikoidc/main.go:1698.24,1700.3 1 0
github.com/lukaszraczylo/traefikoidc/main.go:1703.2,1703.18 1 28
github.com/lukaszraczylo/traefikoidc/main.go:1703.18,1705.3 1 0
github.com/lukaszraczylo/traefikoidc/main.go:1708.2,1708.47 1 28
github.com/lukaszraczylo/traefikoidc/main.go:1708.47,1710.3 1 0
github.com/lukaszraczylo/traefikoidc/main.go:1713.2,1713.36 1 28
github.com/lukaszraczylo/traefikoidc/main.go:1713.36,1715.3 1 0
github.com/lukaszraczylo/traefikoidc/main.go:1717.2,1717.12 1 28
github.com/lukaszraczylo/traefikoidc/main.go:1720.55,1723.33 2 28
github.com/lukaszraczylo/traefikoidc/main.go:1723.33,1726.17 3 1
github.com/lukaszraczylo/traefikoidc/main.go:1726.17,1728.4 1 0
github.com/lukaszraczylo/traefikoidc/main.go:1732.2,1733.15 2 28
github.com/lukaszraczylo/traefikoidc/main.go:1733.15,1735.96 1 0
github.com/lukaszraczylo/traefikoidc/main.go:1735.96,1737.4 1 0
github.com/lukaszraczylo/traefikoidc/main.go:1740.3,1740.45 1 0
github.com/lukaszraczylo/traefikoidc/main.go:1740.45,1742.4 1 0
github.com/lukaszraczylo/traefikoidc/main.go:1746.2,1755.47 2 28
github.com/lukaszraczylo/traefikoidc/main.go:1755.47,1757.3 1 0
github.com/lukaszraczylo/traefikoidc/main.go:1759.2,1759.12 1 28
github.com/lukaszraczylo/traefikoidc/main.go:1764.43,1767.12 3 3
github.com/lukaszraczylo/traefikoidc/main.go:1767.12,1771.7 3 3
github.com/lukaszraczylo/traefikoidc/main.go:1771.7,1772.11 1 3
github.com/lukaszraczylo/traefikoidc/main.go:1773.20,1775.28 2 0
github.com/lukaszraczylo/traefikoidc/main.go:1775.28,1777.6 1 0
github.com/lukaszraczylo/traefikoidc/main.go:1782.5,1782.26 1 0
github.com/lukaszraczylo/traefikoidc/main.go:1782.26,1788.6 1 0
github.com/lukaszraczylo/traefikoidc/main.go:1789.34,1791.11 2 0
github.com/lukaszraczylo/traefikoidc/main.go:1805.49,1811.45 2 1
github.com/lukaszraczylo/traefikoidc/main.go:1811.45,1812.61 1 0
github.com/lukaszraczylo/traefikoidc/main.go:1812.61,1817.4 3 0
github.com/lukaszraczylo/traefikoidc/main.go:1821.2,1824.63 3 1
github.com/lukaszraczylo/traefikoidc/main.go:1838.78,1839.27 1 2
github.com/lukaszraczylo/traefikoidc/main.go:1839.27,1841.3 1 0
github.com/lukaszraczylo/traefikoidc/main.go:1842.2,1853.16 4 2
github.com/lukaszraczylo/traefikoidc/main.go:1853.16,1855.3 1 0
github.com/lukaszraczylo/traefikoidc/main.go:1858.2,1863.16 4 2
github.com/lukaszraczylo/traefikoidc/main.go:1863.16,1865.3 1 0
github.com/lukaszraczylo/traefikoidc/main.go:1866.2,1869.38 2 2
github.com/lukaszraczylo/traefikoidc/main.go:1869.38,1874.3 3 1
github.com/lukaszraczylo/traefikoidc/main.go:1876.2,1877.12 2 1
github.com/lukaszraczylo/traefikoidc/main.go:1895.106,1904.20 4 8
github.com/lukaszraczylo/traefikoidc/main.go:1904.20,1907.3 2 0
github.com/lukaszraczylo/traefikoidc/main.go:1909.2,1910.31 2 8
github.com/lukaszraczylo/traefikoidc/main.go:1910.31,1913.3 2 0
github.com/lukaszraczylo/traefikoidc/main.go:1916.2,1917.22 2 8
github.com/lukaszraczylo/traefikoidc/main.go:1917.22,1919.3 1 2
github.com/lukaszraczylo/traefikoidc/main.go:1922.2,1923.35 2 8
github.com/lukaszraczylo/traefikoidc/main.go:1923.35,1925.3 1 8
github.com/lukaszraczylo/traefikoidc/main.go:1926.2,1930.16 3 8
github.com/lukaszraczylo/traefikoidc/main.go:1930.16,1936.93 3 3
github.com/lukaszraczylo/traefikoidc/main.go:1936.93,1940.48 3 0
github.com/lukaszraczylo/traefikoidc/main.go:1940.48,1942.5 1 0
github.com/lukaszraczylo/traefikoidc/main.go:1943.9,1943.56 1 3
github.com/lukaszraczylo/traefikoidc/main.go:1943.56,1945.4 1 0
github.com/lukaszraczylo/traefikoidc/main.go:1945.9,1945.77 1 3
github.com/lukaszraczylo/traefikoidc/main.go:1945.77,1947.4 1 0
github.com/lukaszraczylo/traefikoidc/main.go:1949.3,1949.15 1 3
github.com/lukaszraczylo/traefikoidc/main.go:1953.2,1953.28 1 5
github.com/lukaszraczylo/traefikoidc/main.go:1953.28,1956.3 2 0
github.com/lukaszraczylo/traefikoidc/main.go:1959.2,1959.56 1 5
github.com/lukaszraczylo/traefikoidc/main.go:1959.56,1961.33 2 0
github.com/lukaszraczylo/traefikoidc/main.go:1961.33,1963.4 1 0
github.com/lukaszraczylo/traefikoidc/main.go:1964.3,1965.15 2 0
github.com/lukaszraczylo/traefikoidc/main.go:1971.2,1972.48 2 5
github.com/lukaszraczylo/traefikoidc/main.go:1972.48,1977.3 2 0
github.com/lukaszraczylo/traefikoidc/main.go:1981.2,1985.16 3 5
github.com/lukaszraczylo/traefikoidc/main.go:1985.16,1988.3 2 0
github.com/lukaszraczylo/traefikoidc/main.go:1989.2,1990.17 2 5
github.com/lukaszraczylo/traefikoidc/main.go:1990.17,1993.3 2 0
github.com/lukaszraczylo/traefikoidc/main.go:1994.2,1998.49 3 5
github.com/lukaszraczylo/traefikoidc/main.go:1998.49,2001.3 2 5
github.com/lukaszraczylo/traefikoidc/main.go:2004.2,2008.33 3 5
github.com/lukaszraczylo/traefikoidc/main.go:2008.33,2011.3 2 3
github.com/lukaszraczylo/traefikoidc/main.go:2011.8,2015.3 2 2
github.com/lukaszraczylo/traefikoidc/main.go:2018.2,2018.55 1 5
github.com/lukaszraczylo/traefikoidc/main.go:2018.55,2021.3 1 0
github.com/lukaszraczylo/traefikoidc/main.go:2024.2,2024.46 1 5
github.com/lukaszraczylo/traefikoidc/main.go:2024.46,2027.3 2 0
github.com/lukaszraczylo/traefikoidc/main.go:2029.2,2030.13 2 5
github.com/lukaszraczylo/traefikoidc/main.go:2048.58,2050.64 1 39
github.com/lukaszraczylo/traefikoidc/main.go:2050.64,2052.3 1 2
github.com/lukaszraczylo/traefikoidc/main.go:2055.2,2055.29 1 37
github.com/lukaszraczylo/traefikoidc/main.go:2055.29,2057.18 2 4
github.com/lukaszraczylo/traefikoidc/main.go:2057.18,2060.4 2 3
github.com/lukaszraczylo/traefikoidc/main.go:2064.2,2064.35 1 34
github.com/lukaszraczylo/traefikoidc/main.go:2064.35,2066.22 2 33
github.com/lukaszraczylo/traefikoidc/main.go:2066.22,2069.4 2 1
github.com/lukaszraczylo/traefikoidc/main.go:2071.3,2074.20 3 32
github.com/lukaszraczylo/traefikoidc/main.go:2074.20,2077.4 2 28
github.com/lukaszraczylo/traefikoidc/main.go:2077.9,2080.4 1 4
github.com/lukaszraczylo/traefikoidc/main.go:2081.8,2081.36 1 1
github.com/lukaszraczylo/traefikoidc/main.go:2081.36,2085.3 1 1
github.com/lukaszraczylo/traefikoidc/main.go:2088.2,2088.14 1 5
github.com/lukaszraczylo/traefikoidc/main.go:2092.50,2094.19 2 5
github.com/lukaszraczylo/traefikoidc/main.go:2094.19,2096.3 1 5
github.com/lukaszraczylo/traefikoidc/main.go:2097.2,2097.13 1 5
github.com/lukaszraczylo/traefikoidc/main.go:2102.73,2104.29 2 3
github.com/lukaszraczylo/traefikoidc/main.go:2104.29,2106.3 1 0
github.com/lukaszraczylo/traefikoidc/main.go:2107.2,2107.15 1 3
github.com/lukaszraczylo/traefikoidc/main.go:2122.89,2124.16 2 25
github.com/lukaszraczylo/traefikoidc/main.go:2124.16,2126.3 1 0
github.com/lukaszraczylo/traefikoidc/main.go:2128.2,2132.53 3 25
github.com/lukaszraczylo/traefikoidc/main.go:2132.53,2134.10 2 7
github.com/lukaszraczylo/traefikoidc/main.go:2134.10,2137.4 1 1
github.com/lukaszraczylo/traefikoidc/main.go:2137.9,2138.38 1 6
github.com/lukaszraczylo/traefikoidc/main.go:2138.38,2139.43 1 6
github.com/lukaszraczylo/traefikoidc/main.go:2139.43,2142.6 2 6
github.com/lukaszraczylo/traefikoidc/main.go:2142.11,2144.6 1 0
github.com/lukaszraczylo/traefikoidc/main.go:2150.2,2150.51 1 24
github.com/lukaszraczylo/traefikoidc/main.go:2150.51,2152.10 2 7
github.com/lukaszraczylo/traefikoidc/main.go:2152.10,2155.4 1 0
github.com/lukaszraczylo/traefikoidc/main.go:2155.9,2156.36 1 7
github.com/lukaszraczylo/traefikoidc/main.go:2156.36,2157.41 1 10
github.com/lukaszraczylo/traefikoidc/main.go:2157.41,2160.6 2 10
github.com/lukaszraczylo/traefikoidc/main.go:2160.11,2162.6 1 0
github.com/lukaszraczylo/traefikoidc/main.go:2167.2,2167.27 1 24
github.com/lukaszraczylo/traefikoidc/main.go:2181.53,2183.79 1 35
github.com/lukaszraczylo/traefikoidc/main.go:2183.79,2185.3 1 0
github.com/lukaszraczylo/traefikoidc/main.go:2188.2,2188.35 1 35
github.com/lukaszraczylo/traefikoidc/main.go:2188.35,2190.3 1 0
github.com/lukaszraczylo/traefikoidc/main.go:2192.2,2192.53 1 35
github.com/lukaszraczylo/traefikoidc/main.go:2201.168,2204.2 1 0
github.com/lukaszraczylo/traefikoidc/main.go:2210.96,2213.2 1 0
github.com/lukaszraczylo/traefikoidc/main.go:2226.110,2230.56 2 11
github.com/lukaszraczylo/traefikoidc/main.go:2230.56,2241.3 5 1
github.com/lukaszraczylo/traefikoidc/main.go:2244.2,2276.35 6 10
github.com/lukaszraczylo/traefikoidc/main.go:2280.37,2284.35 2 13
github.com/lukaszraczylo/traefikoidc/main.go:2284.35,2287.3 2 0
github.com/lukaszraczylo/traefikoidc/main.go:2288.2,2288.38 1 13
github.com/lukaszraczylo/traefikoidc/main.go:2288.38,2291.3 2 0
github.com/lukaszraczylo/traefikoidc/main.go:2294.2,2295.12 2 13
github.com/lukaszraczylo/traefikoidc/main.go:2295.12,2298.3 2 13
github.com/lukaszraczylo/traefikoidc/main.go:2301.2,2301.9 1 13
github.com/lukaszraczylo/traefikoidc/main.go:2302.14,2303.65 1 13
github.com/lukaszraczylo/traefikoidc/main.go:2304.38,2305.71 1 0
github.com/lukaszraczylo/traefikoidc/main.go:2311.2,2311.29 1 13
github.com/lukaszraczylo/traefikoidc/main.go:2311.29,2314.3 2 13
github.com/lukaszraczylo/traefikoidc/main.go:2315.2,2315.28 1 13
github.com/lukaszraczylo/traefikoidc/main.go:2315.28,2318.3 2 0
github.com/lukaszraczylo/traefikoidc/main.go:2319.2,2319.25 1 13
github.com/lukaszraczylo/traefikoidc/main.go:2319.25,2322.3 2 13
github.com/lukaszraczylo/traefikoidc/main.go:2324.2,2324.23 1 13
github.com/lukaszraczylo/traefikoidc/main.go:2324.23,2331.3 2 13
github.com/lukaszraczylo/traefikoidc/main.go:2333.2,2334.12 2 13
github.com/lukaszraczylo/traefikoidc/metadata_cache.go:20.40,27.2 3 3
github.com/lukaszraczylo/traefikoidc/metadata_cache.go:31.35,36.49 4 5
github.com/lukaszraczylo/traefikoidc/metadata_cache.go:36.49,38.3 1 2
github.com/lukaszraczylo/traefikoidc/metadata_cache.go:44.45,46.2 1 13
github.com/lukaszraczylo/traefikoidc/metadata_cache.go:66.125,68.22 2 6
github.com/lukaszraczylo/traefikoidc/metadata_cache.go:68.22,71.3 2 1
github.com/lukaszraczylo/traefikoidc/metadata_cache.go:72.2,78.22 4 5
github.com/lukaszraczylo/traefikoidc/metadata_cache.go:78.22,80.3 1 0
github.com/lukaszraczylo/traefikoidc/metadata_cache.go:82.2,83.16 2 5
github.com/lukaszraczylo/traefikoidc/metadata_cache.go:83.16,84.24 1 2
github.com/lukaszraczylo/traefikoidc/metadata_cache.go:84.24,89.4 3 1
github.com/lukaszraczylo/traefikoidc/metadata_cache.go:90.3,90.71 1 1
github.com/lukaszraczylo/traefikoidc/metadata_cache.go:93.2,99.22 3 3
github.com/lukaszraczylo/traefikoidc/metadata_cache.go:104.44,106.2 1 4
github.com/lukaszraczylo/traefikoidc/metadata_cache.go:109.33,111.2 1 1
github.com/lukaszraczylo/traefikoidc/performance_monitoring.go:70.64,83.2 3 8
github.com/lukaszraczylo/traefikoidc/performance_monitoring.go:86.48,88.2 1 1003
github.com/lukaszraczylo/traefikoidc/performance_monitoring.go:91.49,93.2 1 1
github.com/lukaszraczylo/traefikoidc/performance_monitoring.go:96.53,98.2 1 1
github.com/lukaszraczylo/traefikoidc/performance_monitoring.go:101.59,103.2 1 2
github.com/lukaszraczylo/traefikoidc/performance_monitoring.go:106.93,109.13 2 1015
github.com/lukaszraczylo/traefikoidc/performance_monitoring.go:109.13,112.3 2 1015
github.com/lukaszraczylo/traefikoidc/performance_monitoring.go:112.8,115.3 2 0
github.com/lukaszraczylo/traefikoidc/performance_monitoring.go:119.91,122.13 2 1
github.com/lukaszraczylo/traefikoidc/performance_monitoring.go:122.13,125.3 2 0
github.com/lukaszraczylo/traefikoidc/performance_monitoring.go:125.8,128.3 2 1
github.com/lukaszraczylo/traefikoidc/performance_monitoring.go:132.88,135.13 2 1
github.com/lukaszraczylo/traefikoidc/performance_monitoring.go:135.13,138.3 2 1
github.com/lukaszraczylo/traefikoidc/performance_monitoring.go:138.8,141.3 2 0
github.com/lukaszraczylo/traefikoidc/performance_monitoring.go:145.58,147.2 1 1
github.com/lukaszraczylo/traefikoidc/performance_monitoring.go:150.55,153.2 2 1
github.com/lukaszraczylo/traefikoidc/performance_monitoring.go:156.55,159.2 2 1
github.com/lukaszraczylo/traefikoidc/performance_monitoring.go:162.75,167.38 4 1015
github.com/lukaszraczylo/traefikoidc/performance_monitoring.go:167.38,169.3 1 0
github.com/lukaszraczylo/traefikoidc/performance_monitoring.go:171.2,171.36 1 1015
github.com/lukaszraczylo/traefikoidc/performance_monitoring.go:175.73,180.36 4 0
github.com/lukaszraczylo/traefikoidc/performance_monitoring.go:180.36,182.3 1 0
github.com/lukaszraczylo/traefikoidc/performance_monitoring.go:184.2,184.34 1 0
github.com/lukaszraczylo/traefikoidc/performance_monitoring.go:188.70,193.33 4 1
github.com/lukaszraczylo/traefikoidc/performance_monitoring.go:193.33,195.3 1 0
github.com/lukaszraczylo/traefikoidc/performance_monitoring.go:197.2,197.31 1 1
github.com/lukaszraczylo/traefikoidc/performance_monitoring.go:201.63,202.36 1 1015
github.com/lukaszraczylo/traefikoidc/performance_monitoring.go:202.36,205.3 2 0
github.com/lukaszraczylo/traefikoidc/performance_monitoring.go:207.2,208.41 2 1015
github.com/lukaszraczylo/traefikoidc/performance_monitoring.go:208.41,210.3 1 500537
github.com/lukaszraczylo/traefikoidc/performance_monitoring.go:211.2,211.75 1 1015
github.com/lukaszraczylo/traefikoidc/performance_monitoring.go:215.61,216.34 1 0
github.com/lukaszraczylo/traefikoidc/performance_monitoring.go:216.34,219.3 2 0
github.com/lukaszraczylo/traefikoidc/performance_monitoring.go:221.2,222.39 2 0
github.com/lukaszraczylo/traefikoidc/performance_monitoring.go:222.39,224.3 1 0
github.com/lukaszraczylo/traefikoidc/performance_monitoring.go:225.2,225.71 1 0
github.com/lukaszraczylo/traefikoidc/performance_monitoring.go:229.58,230.31 1 1
github.com/lukaszraczylo/traefikoidc/performance_monitoring.go:230.31,233.3 2 0
github.com/lukaszraczylo/traefikoidc/performance_monitoring.go:235.2,236.36 2 1
github.com/lukaszraczylo/traefikoidc/performance_monitoring.go:236.36,238.3 1 1
github.com/lukaszraczylo/traefikoidc/performance_monitoring.go:239.2,239.65 1 1
github.com/lukaszraczylo/traefikoidc/performance_monitoring.go:243.56,247.21 3 8
github.com/lukaszraczylo/traefikoidc/performance_monitoring.go:247.21,249.3 1 0
github.com/lukaszraczylo/traefikoidc/performance_monitoring.go:253.54,269.22 10 0
github.com/lukaszraczylo/traefikoidc/performance_monitoring.go:269.22,271.3 1 0
github.com/lukaszraczylo/traefikoidc/performance_monitoring.go:272.2,272.20 1 0
github.com/lukaszraczylo/traefikoidc/performance_monitoring.go:272.20,274.3 1 0
github.com/lukaszraczylo/traefikoidc/performance_monitoring.go:275.2,281.19 3 0
github.com/lukaszraczylo/traefikoidc/performance_monitoring.go:281.19,284.3 1 0
github.com/lukaszraczylo/traefikoidc/performance_monitoring.go:284.8,284.26 1 0
github.com/lukaszraczylo/traefikoidc/performance_monitoring.go:284.26,287.3 1 0
github.com/lukaszraczylo/traefikoidc/performance_monitoring.go:291.67,299.21 6 12
github.com/lukaszraczylo/traefikoidc/performance_monitoring.go:299.21,301.3 1 6
github.com/lukaszraczylo/traefikoidc/performance_monitoring.go:304.2,310.23 5 12
github.com/lukaszraczylo/traefikoidc/performance_monitoring.go:310.23,312.3 1 7
github.com/lukaszraczylo/traefikoidc/performance_monitoring.go:313.2,313.21 1 12
github.com/lukaszraczylo/traefikoidc/performance_monitoring.go:313.21,315.3 1 2
github.com/lukaszraczylo/traefikoidc/performance_monitoring.go:316.2,316.19 1 12
github.com/lukaszraczylo/traefikoidc/performance_monitoring.go:316.19,318.3 1 2
github.com/lukaszraczylo/traefikoidc/performance_monitoring.go:320.2,369.3 1 12
github.com/lukaszraczylo/traefikoidc/performance_monitoring.go:373.81,385.2 3 4
github.com/lukaszraczylo/traefikoidc/performance_monitoring.go:388.98,389.21 1 24
github.com/lukaszraczylo/traefikoidc/performance_monitoring.go:389.21,400.3 1 14
github.com/lukaszraczylo/traefikoidc/performance_monitoring.go:403.2,407.40 3 10
github.com/lukaszraczylo/traefikoidc/performance_monitoring.go:407.40,408.45 1 30
github.com/lukaszraczylo/traefikoidc/performance_monitoring.go:408.45,409.39 1 44
github.com/lukaszraczylo/traefikoidc/performance_monitoring.go:409.39,411.5 1 12
github.com/lukaszraczylo/traefikoidc/performance_monitoring.go:416.2,420.32 4 10
github.com/lukaszraczylo/traefikoidc/performance_monitoring.go:420.32,422.3 1 30
github.com/lukaszraczylo/traefikoidc/performance_monitoring.go:423.2,438.3 5 10
github.com/lukaszraczylo/traefikoidc/performance_monitoring.go:478.91,500.2 3 2
github.com/lukaszraczylo/traefikoidc/performance_monitoring.go:503.56,505.2 1 2
github.com/lukaszraczylo/traefikoidc/performance_monitoring.go:508.54,510.2 1 2
github.com/lukaszraczylo/traefikoidc/performance_monitoring.go:513.57,515.2 1 2
github.com/lukaszraczylo/traefikoidc/performance_monitoring.go:518.74,522.2 3 0
github.com/lukaszraczylo/traefikoidc/performance_monitoring.go:525.61,530.40 4 4
github.com/lukaszraczylo/traefikoidc/performance_monitoring.go:530.40,532.3 1 0
github.com/lukaszraczylo/traefikoidc/performance_monitoring.go:533.2,533.14 1 4
github.com/lukaszraczylo/traefikoidc/performance_monitoring.go:537.46,541.21 3 2
github.com/lukaszraczylo/traefikoidc/performance_monitoring.go:541.21,543.3 1 0
github.com/lukaszraczylo/traefikoidc/performance_monitoring.go:547.49,551.63 2 0
github.com/lukaszraczylo/traefikoidc/performance_monitoring.go:551.63,553.57 2 0
github.com/lukaszraczylo/traefikoidc/performance_monitoring.go:553.57,562.4 1 0
github.com/lukaszraczylo/traefikoidc/performance_monitoring.go:566.2,566.63 1 0
github.com/lukaszraczylo/traefikoidc/performance_monitoring.go:566.63,568.60 2 0
github.com/lukaszraczylo/traefikoidc/performance_monitoring.go:568.60,577.4 1 0
github.com/lukaszraczylo/traefikoidc/performance_monitoring.go:581.2,581.56 1 0
github.com/lukaszraczylo/traefikoidc/performance_monitoring.go:581.56,583.58 2 0
github.com/lukaszraczylo/traefikoidc/performance_monitoring.go:583.58,592.4 1 0
github.com/lukaszraczylo/traefikoidc/performance_monitoring.go:596.2,596.66 1 0
github.com/lukaszraczylo/traefikoidc/performance_monitoring.go:596.66,598.62 2 0
github.com/lukaszraczylo/traefikoidc/performance_monitoring.go:598.62,607.4 1 0
github.com/lukaszraczylo/traefikoidc/performance_monitoring.go:611.2,611.71 1 0
github.com/lukaszraczylo/traefikoidc/performance_monitoring.go:611.71,612.51 1 0
github.com/lukaszraczylo/traefikoidc/performance_monitoring.go:612.51,621.4 1 0
github.com/lukaszraczylo/traefikoidc/performance_monitoring.go:626.80,628.18 2 0
github.com/lukaszraczylo/traefikoidc/performance_monitoring.go:628.18,630.3 1 0
github.com/lukaszraczylo/traefikoidc/performance_monitoring.go:630.8,630.25 1 0
github.com/lukaszraczylo/traefikoidc/performance_monitoring.go:630.25,632.3 1 0
github.com/lukaszraczylo/traefikoidc/performance_monitoring.go:632.8,632.25 1 0
github.com/lukaszraczylo/traefikoidc/performance_monitoring.go:632.25,634.3 1 0
github.com/lukaszraczylo/traefikoidc/performance_monitoring.go:635.2,635.14 1 0
github.com/lukaszraczylo/traefikoidc/performance_monitoring.go:639.58,647.26 4 0
github.com/lukaszraczylo/traefikoidc/performance_monitoring.go:647.26,649.3 1 0
github.com/lukaszraczylo/traefikoidc/performance_monitoring.go:652.2,654.47 1 0
github.com/lukaszraczylo/traefikoidc/performance_monitoring.go:658.56,665.2 5 1
github.com/lukaszraczylo/traefikoidc/performance_monitoring.go:668.71,688.63 4 4
github.com/lukaszraczylo/traefikoidc/performance_monitoring.go:688.63,690.3 1 4
github.com/lukaszraczylo/traefikoidc/performance_monitoring.go:691.2,691.63 1 4
github.com/lukaszraczylo/traefikoidc/performance_monitoring.go:691.63,693.3 1 4
github.com/lukaszraczylo/traefikoidc/performance_monitoring.go:694.2,694.56 1 4
github.com/lukaszraczylo/traefikoidc/performance_monitoring.go:694.56,696.3 1 4
github.com/lukaszraczylo/traefikoidc/performance_monitoring.go:697.2,697.66 1 4
github.com/lukaszraczylo/traefikoidc/performance_monitoring.go:697.66,699.3 1 4
github.com/lukaszraczylo/traefikoidc/performance_monitoring.go:702.2,703.34 2 4
github.com/lukaszraczylo/traefikoidc/performance_monitoring.go:703.34,705.3 1 0
github.com/lukaszraczylo/traefikoidc/performance_monitoring.go:706.2,708.15 2 4
github.com/lukaszraczylo/traefikoidc/security_monitoring.go:104.59,116.2 1 5
github.com/lukaszraczylo/traefikoidc/security_monitoring.go:119.88,132.2 3 4
github.com/lukaszraczylo/traefikoidc/security_monitoring.go:135.64,145.2 1 5
github.com/lukaszraczylo/traefikoidc/security_monitoring.go:148.137,164.2 4 16
github.com/lukaszraczylo/traefikoidc/security_monitoring.go:167.126,173.23 3 2
github.com/lukaszraczylo/traefikoidc/security_monitoring.go:173.23,175.3 1 2
[...]
github.com/lukaszraczylo/traefikoidc/session.go:400.4,400.10 1 0
github.com/lukaszraczylo/traefikoidc/session.go:402.3,402.38 1 927
github.com/lukaszraczylo/traefikoidc/session.go:402.38,405.23 3 1
github.com/lukaszraczylo/traefikoidc/session.go:405.23,407.5 1 1
github.com/lukaszraczylo/traefikoidc/session.go:412.2,421.52 4 305
github.com/lukaszraczylo/traefikoidc/session.go:421.52,424.3 2 0
github.com/lukaszraczylo/traefikoidc/session.go:427.2,427.53 1 305
github.com/lukaszraczylo/traefikoidc/session.go:427.53,430.3 2 0
github.com/lukaszraczylo/traefikoidc/session.go:433.2,433.48 1 305
github.com/lukaszraczylo/traefikoidc/session.go:433.48,436.3 2 12
github.com/lukaszraczylo/traefikoidc/session.go:438.2,438.21 1 305
github.com/lukaszraczylo/traefikoidc/session.go:438.21,440.3 1 304
github.com/lukaszraczylo/traefikoidc/session.go:441.2,441.17 1 305
github.com/lukaszraczylo/traefikoidc/session.go:459.76,463.27 2 19
github.com/lukaszraczylo/traefikoidc/session.go:463.27,465.40 2 19
github.com/lukaszraczylo/traefikoidc/session.go:465.40,467.4 1 36
github.com/lukaszraczylo/traefikoidc/session.go:469.2,469.29 1 19
github.com/lukaszraczylo/traefikoidc/session.go:469.29,471.42 2 19
github.com/lukaszraczylo/traefikoidc/session.go:471.42,473.4 1 16
github.com/lukaszraczylo/traefikoidc/session.go:475.2,475.30 1 19
github.com/lukaszraczylo/traefikoidc/session.go:475.30,477.43 2 19
github.com/lukaszraczylo/traefikoidc/session.go:477.43,479.4 1 10
github.com/lukaszraczylo/traefikoidc/session.go:483.2,490.14 5 19
github.com/lukaszraczylo/traefikoidc/session.go:490.14,492.57 1 17
github.com/lukaszraczylo/traefikoidc/session.go:492.57,493.52 1 1
github.com/lukaszraczylo/traefikoidc/session.go:493.53,493.54 0 0
github.com/lukaszraczylo/traefikoidc/session.go:497.3,497.22 1 17
github.com/lukaszraczylo/traefikoidc/session.go:501.2,511.12 5 19
github.com/lukaszraczylo/traefikoidc/session.go:520.92,521.33 1 57
github.com/lukaszraczylo/traefikoidc/session.go:521.33,523.33 2 0
github.com/lukaszraczylo/traefikoidc/session.go:523.33,525.4 1 0
github.com/lukaszraczylo/traefikoidc/session.go:535.48,540.2 3 40
github.com/lukaszraczylo/traefikoidc/session.go:544.54,546.11 2 295
github.com/lukaszraczylo/traefikoidc/session.go:546.11,548.3 1 70
github.com/lukaszraczylo/traefikoidc/session.go:551.2,552.9 2 225
github.com/lukaszraczylo/traefikoidc/session.go:552.9,554.3 1 0
github.com/lukaszraczylo/traefikoidc/session.go:555.2,555.70 1 225
github.com/lukaszraczylo/traefikoidc/session.go:567.59,574.26 5 255
github.com/lukaszraczylo/traefikoidc/session.go:574.26,576.3 1 59
github.com/lukaszraczylo/traefikoidc/session.go:578.2,578.11 1 255
github.com/lukaszraczylo/traefikoidc/session.go:578.11,585.17 2 249
github.com/lukaszraczylo/traefikoidc/session.go:585.17,587.4 1 0
github.com/lukaszraczylo/traefikoidc/session.go:590.3,591.47 2 249
github.com/lukaszraczylo/traefikoidc/session.go:591.47,593.31 1 249
github.com/lukaszraczylo/traefikoidc/session.go:593.31,594.10 1 249
github.com/lukaszraczylo/traefikoidc/session.go:597.4,598.18 2 0
github.com/lukaszraczylo/traefikoidc/session.go:598.18,600.5 1 0
github.com/lukaszraczylo/traefikoidc/session.go:603.3,603.30 1 249
github.com/lukaszraczylo/traefikoidc/session.go:603.30,605.4 1 249
github.com/lukaszraczylo/traefikoidc/session.go:606.3,608.100 3 249
github.com/lukaszraczylo/traefikoidc/session.go:608.100,610.4 1 56
github.com/lukaszraczylo/traefikoidc/session.go:611.3,612.92 2 249
github.com/lukaszraczylo/traefikoidc/session.go:612.92,614.4 1 56
github.com/lukaszraczylo/traefikoidc/session.go:615.8,616.92 1 6
github.com/lukaszraczylo/traefikoidc/session.go:616.92,618.4 1 6
github.com/lukaszraczylo/traefikoidc/session.go:621.2,622.13 2 255
github.com/lukaszraczylo/traefikoidc/session.go:622.13,624.3 1 255
github.com/lukaszraczylo/traefikoidc/session.go:625.2,625.12 1 255
github.com/lukaszraczylo/traefikoidc/session.go:631.32,636.27 3 439
github.com/lukaszraczylo/traefikoidc/session.go:636.27,637.40 1 19
github.com/lukaszraczylo/traefikoidc/session.go:637.40,639.4 1 1
github.com/lukaszraczylo/traefikoidc/session.go:640.3,641.30 2 19
github.com/lukaszraczylo/traefikoidc/session.go:644.2,644.29 1 439
github.com/lukaszraczylo/traefikoidc/session.go:644.29,645.42 1 19
github.com/lukaszraczylo/traefikoidc/session.go:645.42,647.4 1 0
github.com/lukaszraczylo/traefikoidc/session.go:648.3,649.32 2 19
github.com/lukaszraczylo/traefikoidc/session.go:652.2,652.30 1 439
github.com/lukaszraczylo/traefikoidc/session.go:652.30,653.43 1 19
github.com/lukaszraczylo/traefikoidc/session.go:653.43,655.4 1 0
github.com/lukaszraczylo/traefikoidc/session.go:656.3,657.33 2 19
github.com/lukaszraczylo/traefikoidc/session.go:661.2,661.38 1 439
github.com/lukaszraczylo/traefikoidc/session.go:661.38,663.3 1 0
github.com/lukaszraczylo/traefikoidc/session.go:664.2,664.39 1 439
github.com/lukaszraczylo/traefikoidc/session.go:664.39,666.3 1 0
github.com/lukaszraczylo/traefikoidc/session.go:667.2,667.34 1 439
github.com/lukaszraczylo/traefikoidc/session.go:667.34,669.3 1 0
github.com/lukaszraczylo/traefikoidc/session.go:672.2,674.18 3 439
github.com/lukaszraczylo/traefikoidc/session.go:680.39,681.36 1 7
github.com/lukaszraczylo/traefikoidc/session.go:681.36,683.16 1 7
github.com/lukaszraczylo/traefikoidc/session.go:683.16,687.4 2 0
github.com/lukaszraczylo/traefikoidc/session.go:697.48,702.2 3 83
github.com/lukaszraczylo/traefikoidc/session.go:705.54,707.17 2 333
github.com/lukaszraczylo/traefikoidc/session.go:707.17,709.17 2 262
github.com/lukaszraczylo/traefikoidc/session.go:709.17,711.4 1 262
github.com/lukaszraczylo/traefikoidc/session.go:712.3,712.15 1 0
github.com/lukaszraczylo/traefikoidc/session.go:716.2,716.36 1 71
github.com/lukaszraczylo/traefikoidc/session.go:716.36,718.3 1 71
github.com/lukaszraczylo/traefikoidc/session.go:720.2,721.20 2 0
github.com/lukaszraczylo/traefikoidc/session.go:721.20,723.10 2 0
github.com/lukaszraczylo/traefikoidc/session.go:723.10,724.9 1 0
github.com/lukaszraczylo/traefikoidc/session.go:726.3,727.33 2 0
github.com/lukaszraczylo/traefikoidc/session.go:730.2,732.16 3 0
github.com/lukaszraczylo/traefikoidc/session.go:732.16,734.3 1 0
github.com/lukaszraczylo/traefikoidc/session.go:735.2,735.14 1 0
github.com/lukaszraczylo/traefikoidc/session.go:746.53,751.33 4 250
github.com/lukaszraczylo/traefikoidc/session.go:751.33,755.3 1 4
github.com/lukaszraczylo/traefikoidc/session.go:756.2,759.23 2 246
github.com/lukaszraczylo/traefikoidc/session.go:759.23,761.3 1 246
github.com/lukaszraczylo/traefikoidc/session.go:764.2,766.17 2 246
github.com/lukaszraczylo/traefikoidc/session.go:766.17,768.30 1 3
github.com/lukaszraczylo/traefikoidc/session.go:768.30,771.4 2 3
github.com/lukaszraczylo/traefikoidc/session.go:773.3,773.9 1 3
github.com/lukaszraczylo/traefikoidc/session.go:777.2,779.38 2 243
github.com/lukaszraczylo/traefikoidc/session.go:779.38,781.30 1 243
github.com/lukaszraczylo/traefikoidc/session.go:781.30,784.4 2 243
github.com/lukaszraczylo/traefikoidc/session.go:785.8,787.30 1 0
github.com/lukaszraczylo/traefikoidc/session.go:787.30,790.4 2 0
github.com/lukaszraczylo/traefikoidc/session.go:791.3,792.36 2 0
github.com/lukaszraczylo/traefikoidc/session.go:792.36,795.25 2 0
github.com/lukaszraczylo/traefikoidc/session.go:795.25,798.13 2 0
github.com/lukaszraczylo/traefikoidc/session.go:800.4,802.37 3 0
github.com/lukaszraczylo/traefikoidc/session.go:813.49,815.17 2 106
github.com/lukaszraczylo/traefikoidc/session.go:815.17,817.17 2 47
github.com/lukaszraczylo/traefikoidc/session.go:817.17,819.4 1 47
github.com/lukaszraczylo/traefikoidc/session.go:820.3,820.15 1 0
github.com/lukaszraczylo/traefikoidc/session.go:824.2,824.37 1 59
github.com/lukaszraczylo/traefikoidc/session.go:824.37,826.3 1 59
github.com/lukaszraczylo/traefikoidc/session.go:828.2,829.20 2 0
github.com/lukaszraczylo/traefikoidc/session.go:829.20,831.10 2 0
github.com/lukaszraczylo/traefikoidc/session.go:831.10,832.9 1 0
github.com/lukaszraczylo/traefikoidc/session.go:834.3,835.33 2 0
github.com/lukaszraczylo/traefikoidc/session.go:838.2,840.16 3 0
github.com/lukaszraczylo/traefikoidc/session.go:840.16,842.3 1 0
github.com/lukaszraczylo/traefikoidc/session.go:843.2,843.14 1 0
github.com/lukaszraczylo/traefikoidc/session.go:854.54,856.34 2 38
github.com/lukaszraczylo/traefikoidc/session.go:856.34,858.3 1 6
github.com/lukaszraczylo/traefikoidc/session.go:859.2,862.23 2 32
github.com/lukaszraczylo/traefikoidc/session.go:862.23,864.3 1 32
github.com/lukaszraczylo/traefikoidc/session.go:867.2,869.17 2 32
github.com/lukaszraczylo/traefikoidc/session.go:869.17,874.3 3 0
github.com/lukaszraczylo/traefikoidc/session.go:877.2,879.38 2 32
github.com/lukaszraczylo/traefikoidc/session.go:879.38,882.3 2 32
github.com/lukaszraczylo/traefikoidc/session.go:882.8,887.36 4 0
github.com/lukaszraczylo/traefikoidc/session.go:887.36,889.25 2 0
github.com/lukaszraczylo/traefikoidc/session.go:889.25,891.13 2 0
github.com/lukaszraczylo/traefikoidc/session.go:893.4,895.38 3 0
github.com/lukaszraczylo/traefikoidc/session.go:907.71,908.20 1 246
github.com/lukaszraczylo/traefikoidc/session.go:908.20,911.34 3 246
github.com/lukaszraczylo/traefikoidc/session.go:911.34,912.9 1 246
github.com/lukaszraczylo/traefikoidc/session.go:914.3,916.15 3 0
github.com/lukaszraczylo/traefikoidc/session.go:916.15,917.54 1 0
github.com/lukaszraczylo/traefikoidc/session.go:917.54,919.5 1 0
github.com/lukaszraczylo/traefikoidc/session.go:931.72,932.20 1 32
github.com/lukaszraczylo/traefikoidc/session.go:932.20,935.34 3 32
github.com/lukaszraczylo/traefikoidc/session.go:935.34,936.9 1 32
github.com/lukaszraczylo/traefikoidc/session.go:938.3,940.15 3 0
github.com/lukaszraczylo/traefikoidc/session.go:940.15,941.54 1 0
github.com/lukaszraczylo/traefikoidc/session.go:941.54,943.5 1 0
github.com/lukaszraczylo/traefikoidc/session.go:955.67,956.20 1 31
github.com/lukaszraczylo/traefikoidc/session.go:956.20,959.34 3 43
github.com/lukaszraczylo/traefikoidc/session.go:959.34,960.9 1 31
github.com/lukaszraczylo/traefikoidc/session.go:962.3,964.15 3 12
github.com/lukaszraczylo/traefikoidc/session.go:964.15,965.54 1 0
github.com/lukaszraczylo/traefikoidc/session.go:965.54,967.5 1 0
github.com/lukaszraczylo/traefikoidc/session.go:981.56,983.17 2 1
github.com/lukaszraczylo/traefikoidc/session.go:983.17,984.25 1 12
github.com/lukaszraczylo/traefikoidc/session.go:984.25,987.4 2 11
github.com/lukaszraczylo/traefikoidc/session.go:987.9,989.9 2 1
github.com/lukaszraczylo/traefikoidc/session.go:992.2,992.15 1 1
github.com/lukaszraczylo/traefikoidc/session.go:999.41,1002.2 2 15
github.com/lukaszraczylo/traefikoidc/session.go:1009.46,1011.25 2 26
github.com/lukaszraczylo/traefikoidc/session.go:1011.25,1014.3 2 26
github.com/lukaszraczylo/traefikoidc/session.go:1022.42,1025.2 2 6
github.com/lukaszraczylo/traefikoidc/session.go:1032.47,1034.25 2 22
github.com/lukaszraczylo/traefikoidc/session.go:1034.25,1037.3 2 22
github.com/lukaszraczylo/traefikoidc/session.go:1045.49,1048.2 2 7
github.com/lukaszraczylo/traefikoidc/session.go:1055.61,1057.32 2 2
github.com/lukaszraczylo/traefikoidc/session.go:1057.32,1060.3 2 0
github.com/lukaszraczylo/traefikoidc/session.go:1068.42,1074.2 4 59
github.com/lukaszraczylo/traefikoidc/session.go:1081.47,1086.25 4 240
github.com/lukaszraczylo/traefikoidc/session.go:1086.25,1089.3 2 234
github.com/lukaszraczylo/traefikoidc/session.go:1098.49,1101.2 2 5
github.com/lukaszraczylo/traefikoidc/session.go:1108.53,1110.24 2 13
github.com/lukaszraczylo/traefikoidc/session.go:1110.24,1113.3 2 11
github.com/lukaszraczylo/traefikoidc/session.go:1122.44,1127.2 3 103
github.com/lukaszraczylo/traefikoidc/session.go:1130.50,1132.17 2 136
github.com/lukaszraczylo/traefikoidc/session.go:1132.17,1134.17 2 82
github.com/lukaszraczylo/traefikoidc/session.go:1134.17,1136.4 1 82
github.com/lukaszraczylo/traefikoidc/session.go:1137.3,1137.15 1 0
github.com/lukaszraczylo/traefikoidc/session.go:1141.2,1141.32 1 54
github.com/lukaszraczylo/traefikoidc/session.go:1141.32,1143.3 1 51
github.com/lukaszraczylo/traefikoidc/session.go:1145.2,1146.20 2 3
github.com/lukaszraczylo/traefikoidc/session.go:1146.20,1148.10 2 39
github.com/lukaszraczylo/traefikoidc/session.go:1148.10,1149.9 1 3
github.com/lukaszraczylo/traefikoidc/session.go:1151.3,1152.33 2 36
github.com/lukaszraczylo/traefikoidc/session.go:1155.2,1157.16 3 3
github.com/lukaszraczylo/traefikoidc/session.go:1157.16,1159.3 1 3
github.com/lukaszraczylo/traefikoidc/session.go:1160.2,1160.14 1 0
github.com/lukaszraczylo/traefikoidc/session.go:1171.49,1176.29 4 33
github.com/lukaszraczylo/traefikoidc/session.go:1176.29,1180.3 1 2
github.com/lukaszraczylo/traefikoidc/session.go:1181.2,1184.23 2 31
github.com/lukaszraczylo/traefikoidc/session.go:1184.23,1186.3 1 31
github.com/lukaszraczylo/traefikoidc/session.go:1189.2,1191.17 2 31
github.com/lukaszraczylo/traefikoidc/session.go:1191.17,1193.28 1 2
github.com/lukaszraczylo/traefikoidc/session.go:1193.28,1196.4 2 2
github.com/lukaszraczylo/traefikoidc/session.go:1198.3,1198.9 1 2
github.com/lukaszraczylo/traefikoidc/session.go:1202.2,1204.38 2 29
github.com/lukaszraczylo/traefikoidc/session.go:1204.38,1206.28 1 28
github.com/lukaszraczylo/traefikoidc/session.go:1206.28,1209.4 2 28
github.com/lukaszraczylo/traefikoidc/session.go:1210.8,1212.28 1 1
github.com/lukaszraczylo/traefikoidc/session.go:1212.28,1215.4 2 1
github.com/lukaszraczylo/traefikoidc/session.go:1216.3,1217.36 2 1
github.com/lukaszraczylo/traefikoidc/session.go:1217.36,1220.25 2 12
github.com/lukaszraczylo/traefikoidc/session.go:1220.25,1223.13 2 0
github.com/lukaszraczylo/traefikoidc/session.go:1225.4,1227.33 3 12
github.com/lukaszraczylo/traefikoidc/session.go:1234.47,1235.68 1 22
github.com/lukaszraczylo/traefikoidc/session.go:1235.68,1237.3 1 0
github.com/lukaszraczylo/traefikoidc/session.go:1238.2,1238.10 1 22
github.com/lukaszraczylo/traefikoidc/session.go:1243.49,1247.2 3 11
github.com/lukaszraczylo/traefikoidc/session.go:1251.45,1254.2 2 2
github.com/lukaszraczylo/traefikoidc/settings.go:152.29,163.2 2 2
github.com/lukaszraczylo/traefikoidc/settings.go:173.35,175.25 1 23
github.com/lukaszraczylo/traefikoidc/settings.go:175.25,177.3 1 1
github.com/lukaszraczylo/traefikoidc/settings.go:178.2,178.38 1 22
github.com/lukaszraczylo/traefikoidc/settings.go:178.38,180.3 1 1
github.com/lukaszraczylo/traefikoidc/settings.go:183.2,183.25 1 21
github.com/lukaszraczylo/traefikoidc/settings.go:183.25,185.3 1 1
github.com/lukaszraczylo/traefikoidc/settings.go:186.2,186.44 1 20
github.com/lukaszraczylo/traefikoidc/settings.go:186.44,188.3 1 1
github.com/lukaszraczylo/traefikoidc/settings.go:191.2,191.22 1 19
github.com/lukaszraczylo/traefikoidc/settings.go:191.22,193.3 1 1
github.com/lukaszraczylo/traefikoidc/settings.go:194.2,194.26 1 18
github.com/lukaszraczylo/traefikoidc/settings.go:194.26,196.3 1 1
github.com/lukaszraczylo/traefikoidc/settings.go:199.2,199.34 1 17
github.com/lukaszraczylo/traefikoidc/settings.go:199.34,201.3 1 1
github.com/lukaszraczylo/traefikoidc/settings.go:202.2,202.65 1 16
github.com/lukaszraczylo/traefikoidc/settings.go:202.65,204.3 1 1
github.com/lukaszraczylo/traefikoidc/settings.go:207.2,207.54 1 15
github.com/lukaszraczylo/traefikoidc/settings.go:207.54,209.3 1 1
github.com/lukaszraczylo/traefikoidc/settings.go:212.2,212.37 1 14
github.com/lukaszraczylo/traefikoidc/settings.go:212.37,213.35 1 0
github.com/lukaszraczylo/traefikoidc/settings.go:213.35,215.4 1 0
github.com/lukaszraczylo/traefikoidc/settings.go:216.3,216.34 1 0
github.com/lukaszraczylo/traefikoidc/settings.go:216.34,218.4 1 0
github.com/lukaszraczylo/traefikoidc/settings.go:219.3,219.33 1 0
github.com/lukaszraczylo/traefikoidc/settings.go:219.33,221.4 1 0
github.com/lukaszraczylo/traefikoidc/settings.go:225.2,225.65 1 14
github.com/lukaszraczylo/traefikoidc/settings.go:225.65,227.3 1 1
github.com/lukaszraczylo/traefikoidc/settings.go:230.2,230.73 1 13
github.com/lukaszraczylo/traefikoidc/settings.go:230.73,232.3 1 1
github.com/lukaszraczylo/traefikoidc/settings.go:235.2,235.69 1 12
github.com/lukaszraczylo/traefikoidc/settings.go:235.69,236.101 1 0
github.com/lukaszraczylo/traefikoidc/settings.go:236.101,238.4 1 0
github.com/lukaszraczylo/traefikoidc/settings.go:242.2,242.32 1 12
github.com/lukaszraczylo/traefikoidc/settings.go:242.32,244.3 1 1
github.com/lukaszraczylo/traefikoidc/settings.go:247.2,247.37 1 11
github.com/lukaszraczylo/traefikoidc/settings.go:247.37,249.3 1 0
github.com/lukaszraczylo/traefikoidc/settings.go:252.2,252.35 1 11
github.com/lukaszraczylo/traefikoidc/settings.go:252.35,253.24 1 9
github.com/lukaszraczylo/traefikoidc/settings.go:253.24,255.4 1 1
github.com/lukaszraczylo/traefikoidc/settings.go:256.3,256.25 1 8
github.com/lukaszraczylo/traefikoidc/settings.go:256.25,258.4 1 1
github.com/lukaszraczylo/traefikoidc/settings.go:259.3,259.85 1 7
github.com/lukaszraczylo/traefikoidc/settings.go:259.85,261.4 1 1
github.com/lukaszraczylo/traefikoidc/settings.go:264.3,264.50 1 6
github.com/lukaszraczylo/traefikoidc/settings.go:264.50,266.4 1 1
github.com/lukaszraczylo/traefikoidc/settings.go:267.3,267.55 1 5
github.com/lukaszraczylo/traefikoidc/settings.go:267.55,269.4 1 1
github.com/lukaszraczylo/traefikoidc/settings.go:270.3,270.51 1 4
github.com/lukaszraczylo/traefikoidc/settings.go:270.51,272.4 1 1
github.com/lukaszraczylo/traefikoidc/settings.go:273.3,273.56 1 3
github.com/lukaszraczylo/traefikoidc/settings.go:273.56,275.4 1 1
github.com/lukaszraczylo/traefikoidc/settings.go:278.3,278.62 1 2
github.com/lukaszraczylo/traefikoidc/settings.go:278.62,280.4 1 0
github.com/lukaszraczylo/traefikoidc/settings.go:283.2,283.12 1 4
github.com/lukaszraczylo/traefikoidc/settings.go:287.55,320.44 3 2
github.com/lukaszraczylo/traefikoidc/settings.go:320.44,321.47 1 54
github.com/lukaszraczylo/traefikoidc/settings.go:321.47,323.4 1 0
github.com/lukaszraczylo/traefikoidc/settings.go:327.2,336.42 3 2
github.com/lukaszraczylo/traefikoidc/settings.go:336.42,337.45 1 5
github.com/lukaszraczylo/traefikoidc/settings.go:337.45,339.9 2 2
github.com/lukaszraczylo/traefikoidc/settings.go:343.2,343.24 1 2
github.com/lukaszraczylo/traefikoidc/settings.go:343.24,345.3 1 0
github.com/lukaszraczylo/traefikoidc/settings.go:348.2,348.49 1 2
github.com/lukaszraczylo/traefikoidc/settings.go:348.49,367.19 3 1
github.com/lukaszraczylo/traefikoidc/settings.go:367.19,369.17 2 1
github.com/lukaszraczylo/traefikoidc/settings.go:369.17,371.5 1 0
github.com/lukaszraczylo/traefikoidc/settings.go:375.4,380.36 3 1
github.com/lukaszraczylo/traefikoidc/settings.go:380.36,382.5 1 0
github.com/lukaszraczylo/traefikoidc/settings.go:385.4,386.23 2 1
github.com/lukaszraczylo/traefikoidc/settings.go:386.23,388.5 1 0
github.com/lukaszraczylo/traefikoidc/settings.go:388.10,390.5 1 1
github.com/lukaszraczylo/traefikoidc/settings.go:395.2,395.80 1 2
github.com/lukaszraczylo/traefikoidc/settings.go:395.80,399.30 3 2
github.com/lukaszraczylo/traefikoidc/settings.go:399.30,401.4 1 0
github.com/lukaszraczylo/traefikoidc/settings.go:404.2,404.12 1 2
github.com/lukaszraczylo/traefikoidc/settings.go:415.38,418.2 2 26
github.com/lukaszraczylo/traefikoidc/settings.go:427.41,429.2 1 3
github.com/lukaszraczylo/traefikoidc/settings.go:457.41,464.47 5 140
github.com/lukaszraczylo/traefikoidc/settings.go:464.47,466.3 1 133
github.com/lukaszraczylo/traefikoidc/settings.go:467.2,467.25 1 140
github.com/lukaszraczylo/traefikoidc/settings.go:467.25,469.3 1 67
github.com/lukaszraczylo/traefikoidc/settings.go:471.2,475.3 1 140
github.com/lukaszraczylo/traefikoidc/settings.go:484.59,486.2 1 16
github.com/lukaszraczylo/traefikoidc/settings.go:494.60,496.2 1 163
github.com/lukaszraczylo/traefikoidc/settings.go:504.60,506.2 1 10
github.com/lukaszraczylo/traefikoidc/settings.go:515.60,517.2 1 43
github.com/lukaszraczylo/traefikoidc/settings.go:526.61,528.2 1 2544
github.com/lukaszraczylo/traefikoidc/settings.go:537.61,539.2 1 30
github.com/lukaszraczylo/traefikoidc/settings.go:549.83,552.2 2 1
